2022-07-19 11:15:01,088 - __main__ - INFO - Token value: Token not available!
2022-07-19 11:15:01,760 - __main__ - INFO - Weather in Berlin: 30.32
2022-07-19 10:09:58,525 - __main__ - INFO - Token value: 1234
2022-07-19 10:09:58,949 - __main__ - INFO - Weather in Berlin: 32.56
2022-07-19 12:17:50,405 - __main__ - INFO - Token value: 1234
2022-07-19 12:17:50,875 - __main__ - INFO - Weather in Berlin: 33.66
2022-07-19 14:09:00,868 - __main__ - INFO - Token value: 1234
2022-07-19 14:09:01,435 - __main__ - INFO - Weather in Berlin: 34.86
2022-07-19 16:12:16,906 - __main__ - INFO - Token value: 1234
2022-07-19 16:12:17,306 - __main__ - INFO - Weather in Berlin: 34.28
2022-07-19 18:10:53,682 - __main__ - INFO - Token value: 1234
2022-07-19 18:10:53,844 - __main__ - INFO - Weather in Berlin: 31.9
2022-07-19 20:09:35,027 - __main__ - INFO - Token value: 1234
2022-07-19 20:09:35,139 - __main__ - INFO - Weather in Berlin: 27.52
2022-07-19 22:09:04,334 - __main__ - INFO - Token value: 1234
2022-07-19 22:09:04,912 - __main__ - INFO - Weather in Berlin: 25.4
2022-07-20 00:46:12,649 - __main__ - INFO - Token value: 1234
2022-07-20 00:46:13,296 - __main__ - INFO - Weather in Berlin: 24.18
2022-07-20 03:36:18,748 - __main__ - INFO - Token value: 1234
2022-07-20 03:36:18,916 - __main__ - INFO - Weather in Berlin: 22.12
2022-07-20 04:30:43,477 - __main__ - INFO - Token value: 1234
2022-07-20 04:30:43,776 - __main__ - INFO - Weather in Berlin: 21.64
2022-07-20 06:11:40,340 - __main__ - INFO - Token value: 1234
2022-07-20 06:11:41,194 - __main__ - INFO - Weather in Berlin: 24.95
2022-07-20 08:12:25,109 - __main__ - INFO - Token value: 1234
2022-07-20 08:12:25,397 - __main__ - INFO - Weather in Berlin: 30.85
2022-07-20 10:09:27,874 - __main__ - INFO - Token value: 1234
2022-07-20 10:09:28,041 - __main__ - INFO - Weather in Berlin: 35.42
2022-07-20 12:16:14,801 - __main__ - INFO - Token value: 1234
2022-07-20 12:16:15,447 - __main__ - INFO - Weather in Berlin: 36.64
2022-07-20 14:10:42,143 - __main__ - INFO - Token value: 1234
2022-07-20 14:10:42,285 - __main__ - INFO - Weather in Berlin: 37.34
2022-07-20 16:11:32,101 - __main__ - INFO - Token value: 1234
2022-07-20 16:11:32,270 - __main__ - INFO - Weather in Berlin: 36.32
2022-07-20 18:11:08,871 - __main__ - INFO - Token value: 1234
2022-07-20 18:11:09,450 - __main__ - INFO - Weather in Berlin: 35.75
2022-07-20 20:10:07,208 - __main__ - INFO - Token value: 1234
2022-07-20 20:10:07,807 - __main__ - INFO - Weather in Berlin: 29.16
2022-07-20 22:08:32,880 - __main__ - INFO - Token value: 1234
2022-07-20 22:08:33,309 - __main__ - INFO - Weather in Berlin: 27.72
2022-07-21 00:51:04,670 - __main__ - INFO - Token value: 1234
2022-07-21 00:51:04,945 - __main__ - INFO - Weather in Berlin: 25.62
2022-07-21 03:32:21,183 - __main__ - INFO - Token value: 1234
2022-07-21 03:32:21,622 - __main__ - INFO - Weather in Berlin: 24.17
2022-07-21 04:33:49,059 - __main__ - INFO - Token value: 1234
2022-07-21 04:33:49,712 - __main__ - INFO - Weather in Berlin: 23.8
2022-07-21 06:11:40,676 - __main__ - INFO - Token value: 1234
2022-07-21 06:11:41,078 - __main__ - INFO - Weather in Berlin: 24.1
2022-07-21 08:11:51,774 - __main__ - INFO - Token value: 1234
2022-07-21 08:11:51,925 - __main__ - INFO - Weather in Berlin: 26.61
2022-07-21 10:10:48,231 - __main__ - INFO - Token value: 1234
2022-07-21 10:10:48,658 - __main__ - INFO - Weather in Berlin: 29.39
2022-07-21 12:16:51,452 - __main__ - INFO - Token value: 1234
2022-07-21 12:16:52,210 - __main__ - INFO - Weather in Berlin: 29.02
2022-07-21 14:10:13,059 - __main__ - INFO - Token value: 1234
2022-07-21 14:10:13,760 - __main__ - INFO - Weather in Berlin: 24.62
2022-07-21 16:11:48,481 - __main__ - INFO - Token value: 1234
2022-07-21 16:11:49,254 - __main__ - INFO - Weather in Berlin: 24.51
2022-07-21 18:11:19,590 - __main__ - INFO - Token value: 1234
2022-07-21 18:11:19,965 - __main__ - INFO - Weather in Berlin: 25.79
2022-07-21 20:10:30,244 - __main__ - INFO - Token value: 1234
2022-07-21 20:10:30,328 - __main__ - INFO - Weather in Berlin: 22.77
2022-07-25 00:44:39,700 - __main__ - INFO - Token value: 1234
2022-07-25 00:44:40,082 - __main__ - INFO - Weather in Berlin: 19.9
2022-08-01 00:54:12,206 - __main__ - INFO - Token value: 1234
2022-08-01 00:54:12,694 - __main__ - INFO - Weather in Berlin: 20.23
2022-08-08 00:40:42,506 - __main__ - INFO - Token value: 1234
2022-08-08 00:40:42,610 - __main__ - INFO - Weather in Berlin: 16.92
2022-08-15 00:44:48,218 - __main__ - INFO - Token value: 1234
2022-08-15 00:44:48,828 - __main__ - INFO - Weather in Berlin: 22.05
2022-08-22 00:46:22,483 - __main__ - INFO - Token value: 1234
2022-08-22 00:46:22,604 - __main__ - INFO - Weather in Berlin: 16.54
2022-08-29 00:51:03,885 - __main__ - INFO - Token value: 1234
2022-08-29 00:51:04,463 - __main__ - INFO - Weather in Berlin: 13.61
2022-09-05 00:54:44,539 - __main__ - INFO - Token value: 1234
2022-09-05 00:54:45,065 - __main__ - INFO - Weather in Berlin: 15.8
2022-09-12 00:48:56,255 - __main__ - INFO - Token value: 1234
2022-09-12 00:48:56,362 - __main__ - INFO - Weather in Berlin: 12.68
2022-09-19 00:51:28,986 - __main__ - INFO - Token value: 1234
2022-09-19 00:51:29,073 - __main__ - INFO - Weather in Berlin: 8.79
2022-09-26 00:54:36,285 - __main__ - INFO - Token value: 1234
2022-09-26 00:54:36,670 - __main__ - INFO - Weather in Berlin: 11.75
2022-10-03 00:53:53,511 - __main__ - INFO - Token value: 1234
2022-10-03 00:53:54,115 - __main__ - INFO - Weather in Berlin: 11.07
2022-10-10 00:59:22,592 - __main__ - INFO - Token value: 1234
2022-10-10 00:59:22,684 - __main__ - INFO - Weather in Berlin: 7.73
2022-10-17 01:03:34,041 - __main__ - INFO - Token value: 1234
2022-10-17 01:03:34,808 - __main__ - INFO - Weather in Berlin: 13.02
2022-10-24 01:05:23,964 - __main__ - INFO - Token value: 1234
2022-10-24 01:05:24,197 - __main__ - INFO - Weather in Berlin: 13.27
2022-10-31 00:56:50,347 - __main__ - INFO - Token value: 1234
2022-10-31 00:56:50,781 - __main__ - INFO - Weather in Berlin: 13.45
2022-11-07 00:46:30,914 - __main__ - INFO - Token value: 1234
2022-11-07 00:46:31,482 - __main__ - INFO - Weather in Berlin: 6.9
2022-11-14 00:42:53,014 - __main__ - INFO - Token value: 1234
2022-11-14 00:42:53,136 - __main__ - INFO - Weather in Berlin: 6.58
2022-11-21 00:44:54,383 - __main__ - INFO - Token value: 1234
2022-11-21 00:44:54,891 - __main__ - INFO - Weather in Berlin: -1.89
2022-11-28 00:38:10,868 - __main__ - INFO - Token value: 1234
2022-11-28 00:38:10,962 - __main__ - INFO - Weather in Berlin: 4.03
2022-12-05 00:37:36,747 - __main__ - INFO - Token value: 1234
2022-12-05 00:37:37,346 - __main__ - INFO - Weather in Berlin: 2.48
2022-12-12 00:40:48,194 - __main__ - INFO - Token value: 1234
2022-12-12 00:40:48,347 - __main__ - INFO - Weather in Berlin: -1.51
2022-12-19 00:34:22,668 - __main__ - INFO - Token value: 1234
2022-12-19 00:34:23,349 - __main__ - INFO - Weather in Berlin: -4.73
2022-12-26 00:37:57,455 - __main__ - INFO - Token value: 1234
2022-12-26 00:37:58,555 - __main__ - INFO - Weather in Berlin: 8.58
2023-01-02 00:37:45,571 - __main__ - INFO - Token value: 1234
2023-01-02 00:37:46,198 - __main__ - INFO - Weather in Berlin: 11.86
2023-01-09 00:37:48,669 - __main__ - INFO - Token value: 1234
2023-01-09 00:37:49,006 - __main__ - INFO - Weather in Berlin: 5.01
2023-01-16 00:38:39,973 - __main__ - INFO - Token value: 1234
2023-01-16 00:38:40,358 - __main__ - INFO - Weather in Berlin: 4.9
2023-01-23 00:37:11,897 - __main__ - INFO - Token value: 1234
2023-01-23 00:37:12,431 - __main__ - INFO - Weather in Berlin: 1.65
2023-01-30 00:35:30,776 - __main__ - INFO - Token value: 1234
2023-01-30 00:35:31,351 - __main__ - INFO - Weather in Berlin: 1.63
2023-02-06 00:37:40,919 - __main__ - INFO - Token value: 1234
2023-02-06 00:37:41,397 - __main__ - INFO - Weather in Berlin: -2.01
2023-02-13 00:41:55,645 - __main__ - INFO - Token value: 1234
2023-02-13 00:41:56,334 - __main__ - INFO - Weather in Berlin: 7.16
2023-02-20 00:42:40,136 - __main__ - INFO - Token value: 1234
2023-02-20 00:42:40,714 - __main__ - INFO - Weather in Berlin: 2.39
2023-02-27 00:41:12,914 - __main__ - INFO - Token value: 1234
2023-02-27 00:41:13,506 - __main__ - INFO - Weather in Berlin: -1.34
2023-03-06 00:41:41,381 - __main__ - INFO - Token value: 1234
2023-03-06 00:41:41,518 - __main__ - INFO - Weather in Berlin: 0.94
2023-03-13 00:39:58,538 - __main__ - INFO - Token value: 1234
2023-03-13 00:39:58,984 - __main__ - INFO - Weather in Berlin: 5.94
2023-03-20 00:40:52,346 - __main__ - INFO - Token value: 1234
2023-03-20 00:40:52,864 - __main__ - INFO - Weather in Berlin: 10.36
2023-03-27 00:37:03,135 - __main__ - INFO - Token value: 1234
2023-03-27 00:37:03,579 - __main__ - INFO - Weather in Berlin: 4.49
2023-04-03 00:37:03,535 - __main__ - INFO - Token value: 1234
2023-04-03 00:37:03,887 - __main__ - INFO - Weather in Berlin: 1.06
2023-04-10 00:36:03,126 - __main__ - INFO - Token value: 1234
2023-04-10 00:36:03,601 - __main__ - INFO - Weather in Berlin: 6.65
2023-04-17 00:38:11,628 - __main__ - INFO - Token value: 1234
2023-04-17 00:38:11,958 - __main__ - INFO - Weather in Berlin: 7.47
2023-04-24 00:37:25,968 - __main__ - INFO - Token value: 1234
2023-04-24 00:37:26,548 - __main__ - INFO - Weather in Berlin: 11.24
2023-05-01 00:38:28,593 - __main__ - INFO - Token value: 1234
2023-05-01 00:38:29,237 - __main__ - INFO - Weather in Berlin: 4.74
2023-05-08 00:35:59,553 - __main__ - INFO - Token value: 1234
2023-05-08 00:36:00,012 - __main__ - INFO - Weather in Berlin: 8.12
2023-05-15 00:37:43,779 - __main__ - INFO - Token value: 1234
2023-05-15 00:37:44,323 - __main__ - INFO - Weather in Berlin: 13.01
2023-05-22 00:38:44,183 - __main__ - INFO - Token value: 1234
2023-05-22 00:38:44,825 - __main__ - INFO - Weather in Berlin: 18.93
2023-05-29 00:38:32,685 - __main__ - INFO - Token value: 1234
2023-05-29 00:38:33,317 - __main__ - INFO - Weather in Berlin: 13.49
2023-06-05 00:42:16,214 - __main__ - INFO - Token value: 1234
2023-06-05 00:42:16,354 - __main__ - INFO - Weather in Berlin: 12.54
2023-06-12 00:44:40,761 - __main__ - INFO - Token value: 1234
2023-06-12 00:44:41,287 - __main__ - INFO - Weather in Berlin: 17.95
2023-06-19 00:41:31,896 - __main__ - INFO - Token value: 1234
2023-06-19 00:41:32,077 - __main__ - INFO - Weather in Berlin: 17.46
2023-06-26 00:48:35,778 - __main__ - INFO - Token value: 1234
2023-06-26 00:48:35,965 - __main__ - INFO - Weather in Berlin: 19.96
2023-07-03 00:47:50,515 - __main__ - INFO - Token value: 1234
2023-07-03 00:47:51,503 - __main__ - INFO - Weather in Berlin: 14.82
2023-07-10 00:47:49,548 - __main__ - INFO - Token value: 1234
2023-07-10 00:47:50,169 - __main__ - INFO - Weather in Berlin: 21.4
2023-07-17 00:50:57,487 - __main__ - INFO - Token value: 1234
2023-07-17 00:50:58,057 - __main__ - INFO - Weather in Berlin: 17.68
2023-07-24 00:41:28,744 - __main__ - INFO - Token value: 1234
2023-07-24 00:41:29,341 - __main__ - INFO - Weather in Berlin: 19.18
2023-07-31 00:41:40,366 - __main__ - INFO - Token value: 1234
2023-07-31 00:41:40,950 - __main__ - INFO - Weather in Berlin: 15.06
2023-08-07 00:39:33,017 - __main__ - INFO - Token value: 1234
2023-08-07 00:39:33,591 - __main__ - INFO - Weather in Berlin: 14.24
2023-08-14 00:32:09,980 - __main__ - INFO - Token value: 1234
2023-08-14 00:32:10,569 - __main__ - INFO - Weather in Berlin: 19.18
2023-08-21 00:31:40,538 - __main__ - INFO - Token value: 1234
2023-08-21 00:31:41,217 - __main__ - INFO - Weather in Berlin: 20.29
2023-08-28 00:32:45,300 - __main__ - INFO - Token value: 1234
2023-08-28 00:32:45,759 - __main__ - INFO - Weather in Berlin: 15.49
2023-09-04 00:32:51,578 - __main__ - INFO - Token value: 1234
2023-09-04 00:32:51,721 - __main__ - INFO - Weather in Berlin: 13.88
2023-09-11 00:33:02,029 - __main__ - INFO - Token value: 1234
2023-09-11 00:33:02,311 - __main__ - INFO - Weather in Berlin: 19.79
2023-09-18 00:33:08,034 - __main__ - INFO - Token value: 1234
2023-09-18 00:33:08,622 - __main__ - INFO - Weather in Berlin: 18.77
2023-09-25 00:33:31,589 - __main__ - INFO - Token value: 1234
2023-09-25 00:33:32,204 - __main__ - INFO - Weather in Berlin: 11.97
2023-10-02 00:33:45,247 - __main__ - INFO - Token value: 1234
2023-10-02 00:33:45,432 - __main__ - INFO - Weather in Berlin: 16.15
2023-10-09 00:33:46,073 - __main__ - INFO - Token value: 1234
2023-10-09 00:33:46,678 - __main__ - INFO - Weather in Berlin: 10.35
2023-10-16 00:34:12,581 - __main__ - INFO - Token value: 1234
2023-10-16 00:34:13,068 - __main__ - INFO - Weather in Berlin: 6.05
2023-10-23 00:33:38,346 - __main__ - INFO - Token value: 1234
2023-10-23 00:33:38,481 - __main__ - INFO - Weather in Berlin: 11.05
2023-10-30 00:34:04,551 - __main__ - INFO - Token value: 1234
2023-10-30 00:34:05,043 - __main__ - INFO - Weather in Berlin: 12.19
2023-11-06 00:34:49,810 - __main__ - INFO - Token value: 1234
2023-11-06 00:34:50,132 - __main__ - INFO - Weather in Berlin: 10.48
2023-11-13 00:35:20,583 - __main__ - INFO - Token value: 1234
2023-11-13 00:35:21,202 - __main__ - INFO - Weather in Berlin: 6.07
2023-11-20 00:36:06,535 - __main__ - INFO - Token value: 1234
2023-11-20 00:36:06,644 - __main__ - INFO - Weather in Berlin: 9.7
2023-11-27 00:35:44,273 - __main__ - INFO - Token value: 1234
2023-11-27 00:35:44,752 - __main__ - INFO - Weather in Berlin: -0.91
2023-12-04 00:36:12,963 - __main__ - INFO - Token value: 1234
2023-12-04 00:36:13,413 - __main__ - INFO - Weather in Berlin: -5.01
2023-12-11 00:36:36,877 - __main__ - INFO - Token value: 1234
2023-12-11 00:36:37,345 - __main__ - INFO - Weather in Berlin: 6.43
2023-12-18 00:36:39,535 - __main__ - INFO - Token value: 1234
2023-12-18 00:36:40,637 - __main__ - INFO - Weather in Berlin: 5.87
2023-12-25 00:35:57,463 - __main__ - INFO - Token value: 1234
2023-12-25 00:35:57,814 - __main__ - INFO - Weather in Berlin: 9.67
2024-01-01 00:39:23,702 - __main__ - INFO - Token value: 1234
2024-01-01 00:39:24,163 - __main__ - INFO - Weather in Berlin: 6.02
2024-01-08 00:36:53,575 - __main__ - INFO - Token value: 1234
2024-01-08 00:36:54,117 - __main__ - INFO - Weather in Berlin: -6.67
2024-01-15 00:37:53,460 - __main__ - INFO - Token value: 1234
2024-01-15 00:37:54,171 - __main__ - INFO - Weather in Berlin: 2.04
2024-01-22 00:38:04,182 - __main__ - INFO - Token value: 1234
2024-01-22 00:38:04,935 - __main__ - INFO - Weather in Berlin: 2.86
2024-01-29 00:34:00,850 - __main__ - INFO - Token value: 1234
2024-01-29 00:34:01,071 - __main__ - INFO - Weather in Berlin: 1.69
2024-02-05 00:35:06,109 - __main__ - INFO - Token value: 1234
2024-02-12 00:34:33,688 - __main__ - INFO - Token value: 1234
2024-02-19 00:34:58,887 - __main__ - INFO - Token value: 1234
2024-02-26 00:35:09,233 - __main__ - INFO - Token value: 1234
2024-03-04 00:34:25,560 - __main__ - INFO - Token value: 1234
2024-03-11 00:35:08,395 - __main__ - INFO - Token value: 1234
2024-03-18 00:35:06,524 - __main__ - INFO - Token value: 1234
2024-03-25 00:35:30,409 - __main__ - INFO - Token value: 1234
2024-04-01 00:38:07,362 - __main__ - INFO - Token value: 1234
2024-04-08 00:35:54,186 - __main__ - INFO - Token value: 1234
2024-04-15 03:04:08,840 - __main__ - INFO - Token value: 1234
2024-04-18 18:14:03,757 - __main__ - INFO - Token value: my-secret
2024-04-18 19:09:23,080 - __main__ - INFO - Token value: my-secret
2024-04-18 20:11:54,621 - __main__ - INFO - Token value: my-secret
2024-04-18 21:10:00,159 - __main__ - INFO - Token value: my-secret
2024-04-18 22:09:57,511 - __main__ - INFO - Token value: my-secret
2024-04-18 23:11:50,709 - __main__ - INFO - Token value: my-secret
2024-04-19 00:50:26,866 - __main__ - INFO - Token value: my-secret
2024-04-19 01:48:31,986 - __main__ - INFO - Token value: my-secret
2024-04-19 02:21:49,461 - __main__ - INFO - Token value: my-secret
2024-04-19 03:11:44,490 - __main__ - INFO - Token value: my-secret
2024-04-19 04:12:58,062 - __main__ - INFO - Token value: my-secret
2024-04-19 05:11:09,432 - __main__ - INFO - Token value: my-secret
2024-04-19 06:15:08,280 - __main__ - INFO - Token value: my-secret
2024-04-19 07:11:48,027 - __main__ - INFO - Token value: my-secret
2024-04-19 08:14:21,651 - __main__ - INFO - Token value: my-secret
2024-04-19 09:11:16,656 - __main__ - INFO - Token value: my-secret
2024-04-19 10:12:32,799 - __main__ - INFO - Token value: my-secret
2024-04-19 11:09:21,787 - __main__ - INFO - Token value: my-secret
2024-04-19 12:19:51,855 - __main__ - INFO - Token value: my-secret
2024-04-19 13:12:19,526 - __main__ - INFO - Token value: my-secret
2024-04-19 14:10:13,146 - __main__ - INFO - Token value: my-secret
2024-04-19 15:11:38,507 - __main__ - INFO - Token value: my-secret
2024-04-19 16:13:14,881 - __main__ - INFO - Token value: my-secret
2024-04-19 17:10:25,277 - __main__ - INFO - Token value: my-secret
2024-04-19 18:13:20,614 - __main__ - INFO - Token value: my-secret
2024-04-19 19:09:28,747 - __main__ - INFO - Token value: my-secret
2024-04-19 20:11:28,150 - __main__ - INFO - Token value: my-secret
2024-04-19 21:10:31,411 - __main__ - INFO - Token value: my-secret
2024-04-19 22:09:58,276 - __main__ - INFO - Token value: my-secret
2024-04-19 23:12:45,175 - __main__ - INFO - Token value: my-secret
2024-04-20 00:50:43,168 - __main__ - INFO - Token value: my-secret
2024-04-20 01:45:25,975 - __main__ - INFO - Token value: my-secret
2024-04-20 02:18:10,682 - __main__ - INFO - Token value: my-secret
2024-04-20 03:12:41,680 - __main__ - INFO - Token value: my-secret
2024-04-20 04:14:30,251 - __main__ - INFO - Token value: my-secret
2024-04-20 05:11:03,860 - __main__ - INFO - Token value: my-secret
2024-04-20 06:13:07,866 - __main__ - INFO - Token value: my-secret
2024-04-20 07:09:12,856 - __main__ - INFO - Token value: my-secret
2024-04-20 08:12:19,430 - __main__ - INFO - Token value: my-secret
2024-04-20 09:09:54,457 - __main__ - INFO - Token value: my-secret
2024-04-20 10:11:12,391 - __main__ - INFO - Token value: my-secret
2024-04-20 11:08:19,568 - __main__ - INFO - Token value: my-secret
2024-04-20 12:18:42,057 - __main__ - INFO - Token value: my-secret
2024-04-20 13:11:59,293 - __main__ - INFO - Token value: my-secret
2024-04-20 14:09:01,480 - __main__ - INFO - Token value: my-secret
2024-04-20 15:10:56,868 - __main__ - INFO - Token value: my-secret
2024-04-20 16:13:21,715 - __main__ - INFO - Token value: my-secret
2024-04-20 17:09:05,408 - __main__ - INFO - Token value: my-secret
2024-04-20 18:14:10,349 - __main__ - INFO - Token value: my-secret
2024-04-20 19:09:09,327 - __main__ - INFO - Token value: my-secret
2024-04-20 20:10:44,862 - __main__ - INFO - Token value: my-secret
2024-04-20 21:09:39,977 - __main__ - INFO - Token value: my-secret
2024-04-20 22:10:37,396 - __main__ - INFO - Token value: my-secret
2024-04-20 23:09:59,587 - __main__ - INFO - Token value: my-secret
2024-04-21 00:54:18,233 - __main__ - INFO - Token value: my-secret
2024-04-21 01:53:43,477 - __main__ - INFO - Token value: my-secret
2024-04-21 02:22:40,764 - __main__ - INFO - Token value: my-secret
2024-04-21 03:11:29,138 - __main__ - INFO - Token value: my-secret
2024-04-21 04:12:38,473 - __main__ - INFO - Token value: my-secret
2024-04-21 05:11:03,913 - __main__ - INFO - Token value: my-secret
2024-04-21 06:15:11,440 - __main__ - INFO - Token value: my-secret
2024-04-21 07:10:39,186 - __main__ - INFO - Token value: my-secret
2024-04-21 08:12:57,256 - __main__ - INFO - Token value: my-secret
2024-04-21 09:11:18,662 - __main__ - INFO - Token value: my-secret
2024-04-21 10:10:23,825 - __main__ - INFO - Token value: my-secret
2024-04-21 11:08:48,696 - __main__ - INFO - Token value: my-secret
2024-04-21 12:19:35,799 - __main__ - INFO - Token value: my-secret
2024-04-21 13:12:00,598 - __main__ - INFO - Token value: my-secret
2024-04-21 14:09:51,724 - __main__ - INFO - Token value: my-secret
2024-04-21 15:10:38,329 - __main__ - INFO - Token value: my-secret
2024-04-21 16:13:48,945 - __main__ - INFO - Token value: my-secret
2024-04-21 17:10:19,974 - __main__ - INFO - Token value: my-secret
2024-04-21 18:14:11,366 - __main__ - INFO - Token value: my-secret
2024-04-21 19:10:03,449 - __main__ - INFO - Token value: my-secret
2024-04-21 20:11:28,919 - __main__ - INFO - Token value: my-secret
2024-04-21 21:10:00,620 - __main__ - INFO - Token value: my-secret
2024-04-21 22:10:47,906 - __main__ - INFO - Token value: my-secret
2024-04-21 23:11:04,077 - __main__ - INFO - Token value: my-secret
2024-04-22 00:52:15,977 - __main__ - INFO - Token value: my-secret
2024-04-22 01:52:04,771 - __main__ - INFO - Token value: my-secret
2024-04-22 02:22:21,072 - __main__ - INFO - Token value: my-secret
2024-04-22 03:12:19,341 - __main__ - INFO - Token value: my-secret
2024-04-22 04:13:23,561 - __main__ - INFO - Token value: my-secret
2024-04-22 05:11:40,604 - __main__ - INFO - Token value: my-secret
2024-04-22 06:14:54,080 - __main__ - INFO - Token value: my-secret
2024-04-22 07:11:00,499 - __main__ - INFO - Token value: my-secret
2024-04-22 08:15:24,405 - __main__ - INFO - Token value: my-secret
2024-04-22 09:12:48,319 - __main__ - INFO - Token value: my-secret
2024-04-22 10:13:13,844 - __main__ - INFO - Token value: my-secret
2024-04-22 11:09:11,358 - __main__ - INFO - Token value: my-secret
2024-04-22 12:21:18,246 - __main__ - INFO - Token value: my-secret
2024-04-22 13:12:17,155 - __main__ - INFO - Token value: my-secret
2024-04-22 14:10:57,428 - __main__ - INFO - Token value: my-secret
2024-04-22 15:11:44,130 - __main__ - INFO - Token value: my-secret
2024-04-22 16:13:36,532 - __main__ - INFO - Token value: my-secret
2024-04-22 17:09:16,064 - __main__ - INFO - Token value: my-secret
2024-04-22 18:13:59,096 - __main__ - INFO - Token value: my-secret
2024-04-22 19:09:55,592 - __main__ - INFO - Token value: my-secret
2024-04-22 20:12:08,571 - __main__ - INFO - Token value: my-secret
2024-04-22 21:09:59,805 - __main__ - INFO - Token value: my-secret
2024-04-22 22:11:52,384 - __main__ - INFO - Token value: my-secret
2024-04-22 23:10:37,893 - __main__ - INFO - Token value: my-secret
2024-04-23 00:50:54,478 - __main__ - INFO - Token value: my-secret
2024-04-23 01:51:13,443 - __main__ - INFO - Token value: my-secret
2024-04-23 02:22:16,112 - __main__ - INFO - Token value: my-secret
2024-04-23 03:11:46,897 - __main__ - INFO - Token value: my-secret
2024-04-23 04:13:54,089 - __main__ - INFO - Token value: my-secret
2024-04-23 05:10:27,034 - __main__ - INFO - Token value: my-secret
2024-04-23 06:14:45,389 - __main__ - INFO - Token value: my-secret
2024-04-23 07:10:37,119 - __main__ - INFO - Token value: my-secret
2024-04-23 08:14:15,762 - __main__ - INFO - Token value: my-secret
2024-04-23 09:11:26,531 - __main__ - INFO - Token value: my-secret
2024-04-23 10:11:34,207 - __main__ - INFO - Token value: my-secret
2024-04-23 11:10:03,568 - __main__ - INFO - Token value: my-secret
2024-04-23 12:21:02,498 - __main__ - INFO - Token value: my-secret
2024-04-23 13:12:11,374 - __main__ - INFO - Token value: my-secret
2024-04-23 14:10:41,248 - __main__ - INFO - Token value: my-secret
2024-04-23 15:11:25,139 - __main__ - INFO - Token value: my-secret
2024-04-23 16:13:35,652 - __main__ - INFO - Token value: my-secret
2024-04-23 17:11:09,030 - __main__ - INFO - Token value: my-secret
2024-04-23 18:13:50,406 - __main__ - INFO - Token value: my-secret
2024-04-23 19:08:45,706 - __main__ - INFO - Token value: my-secret
2024-04-23 20:11:22,996 - __main__ - INFO - Token value: my-secret
2024-04-23 21:10:04,142 - __main__ - INFO - Token value: my-secret
2024-04-23 22:11:20,001 - __main__ - INFO - Token value: my-secret
2024-04-23 23:10:47,968 - __main__ - INFO - Token value: my-secret
2024-04-24 00:50:43,113 - __main__ - INFO - Token value: my-secret
2024-04-24 01:51:16,814 - __main__ - INFO - Token value: my-secret
2024-04-24 02:20:52,701 - __main__ - INFO - Token value: my-secret
2024-04-24 03:12:59,001 - __main__ - INFO - Token value: my-secret
2024-04-24 04:13:01,223 - __main__ - INFO - Token value: my-secret
2024-04-24 05:12:06,956 - __main__ - INFO - Token value: my-secret
2024-04-24 06:16:51,109 - __main__ - INFO - Token value: my-secret
2024-04-24 07:10:37,934 - __main__ - INFO - Token value: my-secret
2024-04-24 08:15:28,210 - __main__ - INFO - Token value: my-secret
2024-04-24 09:11:12,561 - __main__ - INFO - Token value: my-secret
2024-04-24 10:13:10,963 - __main__ - INFO - Token value: my-secret
2024-04-24 11:10:17,112 - __main__ - INFO - Token value: my-secret
2024-04-24 12:23:49,416 - __main__ - INFO - Token value: my-secret
2024-04-24 13:17:47,986 - __main__ - INFO - Token value: my-secret
2024-04-24 14:11:28,246 - __main__ - INFO - Token value: my-secret
2024-04-24 15:12:15,951 - __main__ - INFO - Token value: my-secret
2024-04-24 16:13:13,504 - __main__ - INFO - Token value: my-secret
2024-04-24 17:11:53,708 - __main__ - INFO - Token value: my-secret
2024-04-24 18:13:42,295 - __main__ - INFO - Token value: my-secret
2024-04-24 19:08:49,287 - __main__ - INFO - Token value: my-secret
2024-04-24 20:11:55,502 - __main__ - INFO - Token value: my-secret
2024-04-24 21:10:57,528 - __main__ - INFO - Token value: my-secret
2024-04-24 22:11:42,825 - __main__ - INFO - Token value: my-secret
2024-04-24 23:12:58,439 - __main__ - INFO - Token value: my-secret
2024-04-25 00:53:17,582 - __main__ - INFO - Token value: my-secret
2024-04-25 01:51:28,012 - __main__ - INFO - Token value: my-secret
2024-04-25 02:21:59,089 - __main__ - INFO - Token value: my-secret
2024-04-25 03:16:41,415 - __main__ - INFO - Token value: my-secret
2024-04-25 04:13:28,263 - __main__ - INFO - Token value: my-secret
2024-04-25 05:10:58,196 - __main__ - INFO - Token value: my-secret
2024-04-25 06:14:54,579 - __main__ - INFO - Token value: my-secret
2024-04-25 07:11:49,170 - __main__ - INFO - Token value: my-secret
2024-04-25 08:14:03,425 - __main__ - INFO - Token value: my-secret
2024-04-25 09:11:34,678 - __main__ - INFO - Token value: my-secret
2024-04-25 10:11:25,897 - __main__ - INFO - Token value: my-secret
2024-04-25 11:10:41,245 - __main__ - INFO - Token value: my-secret
2024-04-25 12:17:06,253 - __main__ - INFO - Token value: my-secret
2024-04-25 13:10:05,157 - __main__ - INFO - Token value: my-secret
2024-04-25 14:08:30,892 - __main__ - INFO - Token value: my-secret
2024-04-25 15:11:40,323 - __main__ - INFO - Token value: my-secret
2024-04-25 16:13:56,058 - __main__ - INFO - Token value: my-secret
2024-04-25 17:12:12,273 - __main__ - INFO - Token value: my-secret
2024-04-25 18:14:08,412 - __main__ - INFO - Token value: my-secret
2024-04-25 19:09:49,548 - __main__ - INFO - Token value: my-secret
2024-04-25 20:11:25,637 - __main__ - INFO - Token value: my-secret
2024-04-25 21:12:30,334 - __main__ - INFO - Token value: my-secret
2024-04-25 22:10:01,779 - __main__ - INFO - Token value: my-secret
2024-04-25 23:11:26,265 - __main__ - INFO - Token value: my-secret
2024-04-26 00:51:00,247 - __main__ - INFO - Token value: my-secret
2024-04-26 01:49:53,251 - __main__ - INFO - Token value: my-secret
2024-04-26 02:21:06,993 - __main__ - INFO - Token value: my-secret
2024-04-26 03:13:00,528 - __main__ - INFO - Token value: my-secret
2024-04-26 04:12:59,107 - __main__ - INFO - Token value: my-secret
2024-04-26 05:10:35,097 - __main__ - INFO - Token value: my-secret
2024-04-26 06:16:01,543 - __main__ - INFO - Token value: my-secret
2024-04-26 07:11:26,290 - __main__ - INFO - Token value: my-secret
2024-04-26 08:14:03,586 - __main__ - INFO - Token value: my-secret
2024-04-26 09:12:08,774 - __main__ - INFO - Token value: my-secret
2024-04-26 10:12:15,889 - __main__ - INFO - Token value: my-secret
2024-04-26 11:09:18,629 - __main__ - INFO - Token value: my-secret
2024-04-26 12:20:11,450 - __main__ - INFO - Token value: my-secret
2024-04-26 13:11:28,932 - __main__ - INFO - Token value: my-secret
2024-04-26 14:10:08,696 - __main__ - INFO - Token value: my-secret
2024-04-26 15:12:17,453 - __main__ - INFO - Token value: my-secret
2024-04-26 16:14:31,386 - __main__ - INFO - Token value: my-secret
2024-04-26 17:11:42,393 - __main__ - INFO - Token value: my-secret
2024-04-26 18:13:29,323 - __main__ - INFO - Token value: my-secret
2024-04-26 19:09:08,958 - __main__ - INFO - Token value: my-secret
2024-04-26 20:12:22,440 - __main__ - INFO - Token value: my-secret
2024-04-26 21:10:00,777 - __main__ - INFO - Token value: my-secret
2024-04-26 22:11:42,720 - __main__ - INFO - Token value: my-secret
2024-04-26 23:11:28,352 - __main__ - INFO - Token value: my-secret
2024-04-27 00:50:23,151 - __main__ - INFO - Token value: my-secret
2024-04-27 01:46:19,955 - __main__ - INFO - Token value: my-secret
2024-04-27 02:20:35,572 - __main__ - INFO - Token value: my-secret
2024-04-27 03:12:54,680 - __main__ - INFO - Token value: my-secret
2024-04-27 04:12:47,737 - __main__ - INFO - Token value: my-secret
2024-04-27 05:10:51,602 - __main__ - INFO - Token value: my-secret
2024-04-27 06:14:59,046 - __main__ - INFO - Token value: my-secret
2024-04-27 07:09:39,497 - __main__ - INFO - Token value: my-secret
2024-04-27 08:13:48,583 - __main__ - INFO - Token value: my-secret
2024-04-27 09:10:29,936 - __main__ - INFO - Token value: my-secret
2024-04-27 10:12:10,194 - __main__ - INFO - Token value: my-secret
2024-04-27 11:08:28,268 - __main__ - INFO - Token value: my-secret
2024-04-27 12:17:52,061 - __main__ - INFO - Token value: my-secret
2024-04-27 13:12:39,419 - __main__ - INFO - Token value: my-secret
2024-04-27 14:08:54,862 - __main__ - INFO - Token value: my-secret
2024-04-27 15:10:23,700 - __main__ - INFO - Token value: my-secret
2024-04-27 16:12:25,816 - __main__ - INFO - Token value: my-secret
2024-04-27 17:10:05,171 - __main__ - INFO - Token value: my-secret
2024-04-27 18:12:58,118 - __main__ - INFO - Token value: my-secret
2024-04-27 19:08:13,542 - __main__ - INFO - Token value: my-secret
2024-04-27 20:10:29,051 - __main__ - INFO - Token value: my-secret
2024-04-27 21:09:46,164 - __main__ - INFO - Token value: my-secret
2024-04-27 22:10:45,014 - __main__ - INFO - Token value: my-secret
2024-04-27 23:11:13,245 - __main__ - INFO - Token value: my-secret
2024-04-28 00:55:03,481 - __main__ - INFO - Token value: my-secret
2024-04-28 01:56:03,373 - __main__ - INFO - Token value: my-secret
2024-04-28 02:26:16,892 - __main__ - INFO - Token value: my-secret
2024-04-28 03:12:29,093 - __main__ - INFO - Token value: my-secret
2024-04-28 04:12:37,967 - __main__ - INFO - Token value: my-secret
2024-04-28 05:11:32,277 - __main__ - INFO - Token value: my-secret
2024-04-28 06:14:49,294 - __main__ - INFO - Token value: my-secret
2024-04-28 07:09:46,046 - __main__ - INFO - Token value: my-secret
2024-04-28 08:14:47,503 - __main__ - INFO - Token value: my-secret
2024-04-28 09:10:26,991 - __main__ - INFO - Token value: my-secret
2024-04-28 10:11:44,052 - __main__ - INFO - Token value: my-secret
2024-04-28 11:08:42,790 - __main__ - INFO - Token value: my-secret
2024-04-28 12:20:28,719 - __main__ - INFO - Token value: my-secret
2024-04-28 13:11:52,165 - __main__ - INFO - Token value: my-secret
2024-04-28 14:09:12,658 - __main__ - INFO - Token value: my-secret
2024-04-28 15:11:06,419 - __main__ - INFO - Token value: my-secret
2024-04-28 16:12:36,814 - __main__ - INFO - Token value: my-secret
2024-04-28 17:10:05,704 - __main__ - INFO - Token value: my-secret
2024-04-28 18:13:09,966 - __main__ - INFO - Token value: my-secret
2024-04-28 19:08:37,007 - __main__ - INFO - Token value: my-secret
2024-04-28 20:11:25,293 - __main__ - INFO - Token value: my-secret
2024-04-28 21:10:28,094 - __main__ - INFO - Token value: my-secret
2024-04-28 22:10:15,746 - __main__ - INFO - Token value: my-secret
2024-04-28 23:10:14,728 - __main__ - INFO - Token value: my-secret
2024-04-29 00:52:03,151 - __main__ - INFO - Token value: my-secret
2024-04-29 01:52:33,302 - __main__ - INFO - Token value: my-secret
2024-04-29 02:22:29,134 - __main__ - INFO - Token value: my-secret
2024-04-29 03:12:35,639 - __main__ - INFO - Token value: my-secret
2024-04-29 04:13:49,247 - __main__ - INFO - Token value: my-secret
2024-04-29 05:13:00,132 - __main__ - INFO - Token value: my-secret
2024-04-29 06:15:19,680 - __main__ - INFO - Token value: my-secret
2024-04-29 07:10:49,516 - __main__ - INFO - Token value: my-secret
2024-04-29 08:15:37,939 - __main__ - INFO - Token value: my-secret
2024-04-29 09:12:39,051 - __main__ - INFO - Token value: my-secret
2024-04-29 10:12:35,281 - __main__ - INFO - Token value: my-secret
2024-04-29 11:10:49,827 - __main__ - INFO - Token value: my-secret
2024-04-29 12:21:00,395 - __main__ - INFO - Token value: my-secret
2024-04-29 13:12:34,818 - __main__ - INFO - Token value: my-secret
2024-04-29 14:11:39,722 - __main__ - INFO - Token value: my-secret
2024-04-29 15:11:30,805 - __main__ - INFO - Token value: my-secret
2024-04-29 16:13:41,602 - __main__ - INFO - Token value: my-secret
2024-04-29 17:09:38,482 - __main__ - INFO - Token value: my-secret
2024-04-29 18:14:15,480 - __main__ - INFO - Token value: my-secret
2024-04-29 19:08:39,112 - __main__ - INFO - Token value: my-secret
2024-04-29 20:11:41,579 - __main__ - INFO - Token value: my-secret
2024-04-29 21:10:19,969 - __main__ - INFO - Token value: my-secret
2024-04-29 22:10:39,197 - __main__ - INFO - Token value: my-secret
2024-04-29 23:10:27,182 - __main__ - INFO - Token value: my-secret
2024-04-30 00:50:48,605 - __main__ - INFO - Token value: my-secret
2024-04-30 01:49:53,477 - __main__ - INFO - Token value: my-secret
2024-04-30 02:20:48,692 - __main__ - INFO - Token value: my-secret
2024-04-30 03:12:13,551 - __main__ - INFO - Token value: my-secret
2024-04-30 04:14:15,684 - __main__ - INFO - Token value: my-secret
2024-04-30 05:10:41,406 - __main__ - INFO - Token value: my-secret
2024-04-30 06:14:49,560 - __main__ - INFO - Token value: my-secret
2024-04-30 07:11:31,660 - __main__ - INFO - Token value: my-secret
2024-04-30 08:14:36,823 - __main__ - INFO - Token value: my-secret
2024-04-30 09:12:38,680 - __main__ - INFO - Token value: my-secret
2024-04-30 10:12:34,584 - __main__ - INFO - Token value: my-secret
2024-04-30 11:10:45,005 - __main__ - INFO - Token value: my-secret
2024-04-30 12:19:43,648 - __main__ - INFO - Token value: my-secret
2024-04-30 13:11:43,751 - __main__ - INFO - Token value: my-secret
2024-04-30 14:11:29,954 - __main__ - INFO - Token value: my-secret
2024-04-30 15:09:42,719 - __main__ - INFO - Token value: my-secret
2024-04-30 16:14:40,373 - __main__ - INFO - Token value: my-secret
2024-04-30 17:09:59,273 - __main__ - INFO - Token value: my-secret
2024-04-30 18:16:17,757 - __main__ - INFO - Token value: my-secret
2024-04-30 19:08:36,229 - __main__ - INFO - Token value: my-secret
2024-04-30 20:11:37,472 - __main__ - INFO - Token value: my-secret
2024-04-30 21:11:59,579 - __main__ - INFO - Token value: my-secret
2024-04-30 22:11:06,593 - __main__ - INFO - Token value: my-secret
2024-04-30 23:11:11,845 - __main__ - INFO - Token value: my-secret
2024-05-01 00:55:04,917 - __main__ - INFO - Token value: my-secret
2024-05-01 01:55:59,661 - __main__ - INFO - Token value: my-secret
2024-05-01 02:27:09,604 - __main__ - INFO - Token value: my-secret
2024-05-01 03:12:39,628 - __main__ - INFO - Token value: my-secret
2024-05-01 04:13:15,424 - __main__ - INFO - Token value: my-secret
2024-05-01 05:10:49,617 - __main__ - INFO - Token value: my-secret
2024-05-01 06:16:08,179 - __main__ - INFO - Token value: my-secret
2024-05-01 07:13:07,258 - __main__ - INFO - Token value: my-secret
2024-05-01 08:16:58,997 - __main__ - INFO - Token value: my-secret
2024-05-01 09:13:23,673 - __main__ - INFO - Token value: my-secret
2024-05-01 10:12:46,948 - __main__ - INFO - Token value: my-secret
2024-05-01 11:09:13,250 - __main__ - INFO - Token value: my-secret
2024-05-01 12:20:58,553 - __main__ - INFO - Token value: my-secret
2024-05-01 13:12:02,721 - __main__ - INFO - Token value: my-secret
2024-05-01 14:12:10,809 - __main__ - INFO - Token value: my-secret
2024-05-01 15:10:57,093 - __main__ - INFO - Token value: my-secret
2024-05-01 16:13:46,964 - __main__ - INFO - Token value: my-secret
2024-05-01 17:10:51,748 - __main__ - INFO - Token value: my-secret
2024-05-01 18:14:17,535 - __main__ - INFO - Token value: my-secret
2024-05-01 19:11:06,500 - __main__ - INFO - Token value: my-secret
2024-05-01 20:13:21,595 - __main__ - INFO - Token value: my-secret
2024-05-01 21:10:23,390 - __main__ - INFO - Token value: my-secret
2024-05-01 22:11:01,868 - __main__ - INFO - Token value: my-secret
2024-05-01 23:12:14,653 - __main__ - INFO - Token value: my-secret
2024-05-02 00:50:52,387 - __main__ - INFO - Token value: my-secret
2024-05-02 01:50:25,265 - __main__ - INFO - Token value: my-secret
2024-05-02 02:21:28,436 - __main__ - INFO - Token value: my-secret
2024-05-02 03:12:14,323 - __main__ - INFO - Token value: my-secret
2024-05-02 04:13:31,085 - __main__ - INFO - Token value: my-secret
2024-05-02 05:12:22,691 - __main__ - INFO - Token value: my-secret
2024-05-02 06:14:44,272 - __main__ - INFO - Token value: my-secret
2024-05-02 07:11:44,710 - __main__ - INFO - Token value: my-secret
2024-05-02 08:14:33,960 - __main__ - INFO - Token value: my-secret
2024-05-02 09:11:52,068 - __main__ - INFO - Token value: my-secret
2024-05-02 10:12:36,895 - __main__ - INFO - Token value: my-secret
2024-05-02 11:09:31,229 - __main__ - INFO - Token value: my-secret
2024-05-02 12:20:45,139 - __main__ - INFO - Token value: my-secret
2024-05-02 13:12:06,956 - __main__ - INFO - Token value: my-secret
2024-05-02 14:10:35,606 - __main__ - INFO - Token value: my-secret
2024-05-02 15:12:13,352 - __main__ - INFO - Token value: my-secret
2024-05-02 16:13:37,815 - __main__ - INFO - Token value: my-secret
2024-05-02 17:10:45,976 - __main__ - INFO - Token value: my-secret
2024-05-02 18:14:21,769 - __main__ - INFO - Token value: my-secret
2024-05-02 19:08:42,967 - __main__ - INFO - Token value: my-secret
2024-05-02 20:12:20,695 - __main__ - INFO - Token value: my-secret
2024-05-02 21:10:10,085 - __main__ - INFO - Token value: my-secret
2024-05-02 22:11:11,628 - __main__ - INFO - Token value: my-secret
2024-05-02 23:12:53,504 - __main__ - INFO - Token value: my-secret
2024-05-03 00:53:53,694 - __main__ - INFO - Token value: my-secret
2024-05-03 01:53:39,397 - __main__ - INFO - Token value: my-secret
2024-05-03 02:24:04,779 - __main__ - INFO - Token value: my-secret
2024-05-03 03:13:08,792 - __main__ - INFO - Token value: my-secret
2024-05-03 04:14:59,240 - __main__ - INFO - Token value: my-secret
2024-05-03 05:11:24,773 - __main__ - INFO - Token value: my-secret
2024-05-03 06:15:01,782 - __main__ - INFO - Token value: my-secret
2024-05-03 07:10:44,770 - __main__ - INFO - Token value: my-secret
2024-05-03 08:14:06,997 - __main__ - INFO - Token value: my-secret
2024-05-03 09:12:18,565 - __main__ - INFO - Token value: my-secret
2024-05-03 10:12:07,604 - __main__ - INFO - Token value: my-secret
2024-05-03 11:09:31,432 - __main__ - INFO - Token value: my-secret
2024-05-03 12:19:41,904 - __main__ - INFO - Token value: my-secret
2024-05-03 13:12:47,247 - __main__ - INFO - Token value: my-secret
2024-05-03 14:11:21,837 - __main__ - INFO - Token value: my-secret
2024-05-03 15:12:04,939 - __main__ - INFO - Token value: my-secret
2024-05-03 16:14:20,576 - __main__ - INFO - Token value: my-secret
2024-05-03 17:09:54,181 - __main__ - INFO - Token value: my-secret
2024-05-03 18:14:09,660 - __main__ - INFO - Token value: my-secret
2024-05-03 19:09:16,480 - __main__ - INFO - Token value: my-secret
2024-05-03 20:12:19,534 - __main__ - INFO - Token value: my-secret
2024-05-03 21:09:46,080 - __main__ - INFO - Token value: my-secret
2024-05-03 22:10:36,003 - __main__ - INFO - Token value: my-secret
2024-05-03 23:11:37,863 - __main__ - INFO - Token value: my-secret
2024-05-04 00:50:50,000 - __main__ - INFO - Token value: my-secret
2024-05-04 01:47:41,798 - __main__ - INFO - Token value: my-secret
2024-05-04 02:19:27,957 - __main__ - INFO - Token value: my-secret
2024-05-04 03:12:42,759 - __main__ - INFO - Token value: my-secret
2024-05-04 04:14:06,083 - __main__ - INFO - Token value: my-secret
2024-05-04 05:11:46,456 - __main__ - INFO - Token value: my-secret
2024-05-04 06:14:41,668 - __main__ - INFO - Token value: my-secret
2024-05-04 07:10:46,629 - __main__ - INFO - Token value: my-secret
2024-05-04 08:13:12,247 - __main__ - INFO - Token value: my-secret
2024-05-04 09:12:03,828 - __main__ - INFO - Token value: my-secret
2024-05-04 10:10:25,743 - __main__ - INFO - Token value: my-secret
2024-05-04 11:08:26,191 - __main__ - INFO - Token value: my-secret
2024-05-04 12:18:23,448 - __main__ - INFO - Token value: my-secret
2024-05-04 13:12:04,049 - __main__ - INFO - Token value: my-secret
2024-05-04 14:11:02,194 - __main__ - INFO - Token value: my-secret
2024-05-04 15:10:56,144 - __main__ - INFO - Token value: my-secret
2024-05-04 16:13:13,401 - __main__ - INFO - Token value: my-secret
2024-05-04 17:09:08,086 - __main__ - INFO - Token value: my-secret
2024-05-04 18:13:14,460 - __main__ - INFO - Token value: my-secret
2024-05-04 19:09:57,751 - __main__ - INFO - Token value: my-secret
2024-05-04 20:12:27,871 - __main__ - INFO - Token value: my-secret
2024-05-04 21:10:50,429 - __main__ - INFO - Token value: my-secret
2024-05-04 22:09:44,413 - __main__ - INFO - Token value: my-secret
2024-05-04 23:11:24,497 - __main__ - INFO - Token value: my-secret
2024-05-05 00:54:49,219 - __main__ - INFO - Token value: my-secret
2024-05-05 01:55:16,717 - __main__ - INFO - Token value: my-secret
2024-05-05 02:24:17,803 - __main__ - INFO - Token value: my-secret
2024-05-05 03:12:13,621 - __main__ - INFO - Token value: my-secret
2024-05-05 04:14:40,430 - __main__ - INFO - Token value: my-secret
2024-05-05 05:10:52,865 - __main__ - INFO - Token value: my-secret
2024-05-05 06:14:20,988 - __main__ - INFO - Token value: my-secret
2024-05-05 07:10:01,336 - __main__ - INFO - Token value: my-secret
2024-05-05 08:13:09,413 - __main__ - INFO - Token value: my-secret
2024-05-05 09:12:37,149 - __main__ - INFO - Token value: my-secret
2024-05-05 10:11:27,661 - __main__ - INFO - Token value: my-secret
2024-05-05 11:09:28,632 - __main__ - INFO - Token value: my-secret
2024-05-05 12:19:11,640 - __main__ - INFO - Token value: my-secret
2024-05-05 13:11:10,825 - __main__ - INFO - Token value: my-secret
2024-05-05 14:10:03,333 - __main__ - INFO - Token value: my-secret
2024-05-05 15:12:13,053 - __main__ - INFO - Token value: my-secret
2024-05-05 16:13:22,967 - __main__ - INFO - Token value: my-secret
2024-05-05 17:08:59,773 - __main__ - INFO - Token value: my-secret
2024-05-05 18:13:11,095 - __main__ - INFO - Token value: my-secret
2024-05-05 19:10:34,515 - __main__ - INFO - Token value: my-secret
2024-05-05 20:11:07,500 - __main__ - INFO - Token value: my-secret
2024-05-05 21:09:26,102 - __main__ - INFO - Token value: my-secret
2024-05-05 22:11:39,839 - __main__ - INFO - Token value: my-secret
2024-05-05 23:10:44,203 - __main__ - INFO - Token value: my-secret
2024-05-06 00:52:37,313 - __main__ - INFO - Token value: my-secret
2024-05-06 01:53:30,287 - __main__ - INFO - Token value: my-secret
2024-05-06 02:25:58,797 - __main__ - INFO - Token value: my-secret
2024-05-06 03:13:11,371 - __main__ - INFO - Token value: my-secret
2024-05-06 04:14:09,698 - __main__ - INFO - Token value: my-secret
2024-05-06 05:12:26,040 - __main__ - INFO - Token value: my-secret
2024-05-06 06:15:48,999 - __main__ - INFO - Token value: my-secret
2024-05-06 07:11:23,583 - __main__ - INFO - Token value: my-secret
2024-05-06 08:14:52,335 - __main__ - INFO - Token value: my-secret
2024-05-06 09:12:46,111 - __main__ - INFO - Token value: my-secret
2024-05-06 10:11:52,992 - __main__ - INFO - Token value: my-secret
2024-05-06 11:09:11,067 - __main__ - INFO - Token value: my-secret
2024-05-06 12:20:45,817 - __main__ - INFO - Token value: my-secret
2024-05-06 13:12:57,791 - __main__ - INFO - Token value: my-secret
2024-05-06 14:11:34,667 - __main__ - INFO - Token value: my-secret
2024-05-06 15:11:45,756 - __main__ - INFO - Token value: my-secret
2024-05-06 16:14:32,460 - __main__ - INFO - Token value: my-secret
2024-05-06 17:12:29,487 - __main__ - INFO - Token value: my-secret
2024-05-06 18:16:22,835 - __main__ - INFO - Token value: my-secret
2024-05-06 19:09:46,337 - __main__ - INFO - Token value: my-secret
2024-05-06 20:11:27,728 - __main__ - INFO - Token value: my-secret
2024-05-06 21:11:10,170 - __main__ - INFO - Token value: my-secret
2024-05-06 22:11:21,457 - __main__ - INFO - Token value: my-secret
2024-05-06 23:10:50,819 - __main__ - INFO - Token value: my-secret
2024-05-07 00:51:39,214 - __main__ - INFO - Token value: my-secret
2024-05-07 01:53:37,007 - __main__ - INFO - Token value: my-secret
2024-05-07 02:28:58,436 - __main__ - INFO - Token value: my-secret
2024-05-07 03:13:13,897 - __main__ - INFO - Token value: my-secret
2024-05-07 04:14:36,775 - __main__ - INFO - Token value: my-secret
2024-05-07 05:12:38,569 - __main__ - INFO - Token value: my-secret
2024-05-07 06:15:41,918 - __main__ - INFO - Token value: my-secret
2024-05-07 07:16:37,869 - __main__ - INFO - Token value: my-secret
2024-05-07 08:14:16,036 - __main__ - INFO - Token value: my-secret
2024-05-07 09:13:32,247 - __main__ - INFO - Token value: my-secret
2024-05-07 10:12:58,845 - __main__ - INFO - Token value: my-secret
2024-05-07 11:10:13,373 - __main__ - INFO - Token value: my-secret
2024-05-07 12:20:17,396 - __main__ - INFO - Token value: my-secret
2024-05-07 13:11:49,543 - __main__ - INFO - Token value: my-secret
2024-05-07 14:10:39,968 - __main__ - INFO - Token value: my-secret
2024-05-07 15:10:42,819 - __main__ - INFO - Token value: my-secret
2024-05-07 16:13:15,538 - __main__ - INFO - Token value: my-secret
2024-05-07 17:10:09,977 - __main__ - INFO - Token value: my-secret
2024-05-07 18:14:46,263 - __main__ - INFO - Token value: my-secret
2024-05-07 19:09:21,091 - __main__ - INFO - Token value: my-secret
2024-05-07 20:10:00,662 - __main__ - INFO - Token value: my-secret
2024-05-07 21:10:30,493 - __main__ - INFO - Token value: my-secret
2024-05-07 22:11:19,645 - __main__ - INFO - Token value: my-secret
2024-05-07 23:09:54,244 - __main__ - INFO - Token value: my-secret
2024-05-08 00:42:09,614 - __main__ - INFO - Token value: my-secret
2024-05-08 01:31:34,809 - __main__ - INFO - Token value: my-secret
2024-05-08 02:12:31,892 - __main__ - INFO - Token value: my-secret
2024-05-08 03:12:59,391 - __main__ - INFO - Token value: my-secret
2024-05-08 04:11:51,416 - __main__ - INFO - Token value: my-secret
2024-05-08 05:11:10,011 - __main__ - INFO - Token value: my-secret
2024-05-08 06:13:33,720 - __main__ - INFO - Token value: my-secret
2024-05-08 07:12:32,723 - __main__ - INFO - Token value: my-secret
2024-05-08 08:12:55,524 - __main__ - INFO - Token value: my-secret
2024-05-08 09:11:56,447 - __main__ - INFO - Token value: my-secret
2024-05-08 10:12:51,815 - __main__ - INFO - Token value: my-secret
2024-05-08 11:10:42,541 - __main__ - INFO - Token value: my-secret
2024-05-08 12:21:16,284 - __main__ - INFO - Token value: my-secret
2024-05-08 13:14:14,484 - __main__ - INFO - Token value: my-secret
2024-05-08 14:10:21,625 - __main__ - INFO - Token value: my-secret
2024-05-08 15:11:13,139 - __main__ - INFO - Token value: my-secret
2024-05-08 16:14:46,003 - __main__ - INFO - Token value: my-secret
2024-05-08 17:09:37,584 - __main__ - INFO - Token value: my-secret
2024-05-08 18:15:07,012 - __main__ - INFO - Token value: my-secret
2024-05-08 19:09:21,197 - __main__ - INFO - Token value: my-secret
2024-05-08 20:11:35,238 - __main__ - INFO - Token value: my-secret
2024-05-08 21:12:41,364 - __main__ - INFO - Token value: my-secret
2024-05-08 22:10:07,881 - __main__ - INFO - Token value: my-secret
2024-05-08 23:12:21,424 - __main__ - INFO - Token value: my-secret
2024-05-09 00:51:54,344 - __main__ - INFO - Token value: my-secret
2024-05-09 01:54:52,041 - __main__ - INFO - Token value: my-secret
2024-05-09 02:26:16,607 - __main__ - INFO - Token value: my-secret
2024-05-09 03:12:24,996 - __main__ - INFO - Token value: my-secret
2024-05-09 04:16:26,865 - __main__ - INFO - Token value: my-secret
2024-05-09 05:12:18,779 - __main__ - INFO - Token value: my-secret
2024-05-09 06:15:21,823 - __main__ - INFO - Token value: my-secret
2024-05-09 07:12:51,364 - __main__ - INFO - Token value: my-secret
2024-05-09 08:14:47,825 - __main__ - INFO - Token value: my-secret
2024-05-09 09:12:34,127 - __main__ - INFO - Token value: my-secret
2024-05-09 10:13:38,479 - __main__ - INFO - Token value: my-secret
2024-05-09 11:09:59,501 - __main__ - INFO - Token value: my-secret
2024-05-09 12:20:14,715 - __main__ - INFO - Token value: my-secret
2024-05-09 13:13:56,524 - __main__ - INFO - Token value: my-secret
2024-05-09 14:11:20,918 - __main__ - INFO - Token value: my-secret
2024-05-09 15:12:53,862 - __main__ - INFO - Token value: my-secret
2024-05-09 16:14:44,876 - __main__ - INFO - Token value: my-secret
2024-05-09 17:10:14,698 - __main__ - INFO - Token value: my-secret
2024-05-09 18:13:35,239 - __main__ - INFO - Token value: my-secret
2024-05-09 19:08:48,552 - __main__ - INFO - Token value: my-secret
2024-05-09 20:11:26,819 - __main__ - INFO - Token value: my-secret
2024-05-09 21:11:59,769 - __main__ - INFO - Token value: my-secret
2024-05-09 22:10:34,787 - __main__ - INFO - Token value: my-secret
2024-05-09 23:11:16,463 - __main__ - INFO - Token value: my-secret
2024-05-10 00:51:53,481 - __main__ - INFO - Token value: my-secret
2024-05-10 01:55:51,062 - __main__ - INFO - Token value: my-secret
2024-05-10 02:28:18,328 - __main__ - INFO - Token value: my-secret
2024-05-10 03:12:18,930 - __main__ - INFO - Token value: my-secret
2024-05-10 04:13:19,699 - __main__ - INFO - Token value: my-secret
2024-05-10 05:11:18,995 - __main__ - INFO - Token value: my-secret
2024-05-10 06:14:45,880 - __main__ - INFO - Token value: my-secret
2024-05-10 07:12:28,063 - __main__ - INFO - Token value: my-secret
2024-05-10 08:14:30,211 - __main__ - INFO - Token value: my-secret
2024-05-10 09:12:22,040 - __main__ - INFO - Token value: my-secret
2024-05-10 10:12:43,995 - __main__ - INFO - Token value: my-secret
2024-05-10 11:10:09,073 - __main__ - INFO - Token value: my-secret
2024-05-10 12:20:10,263 - __main__ - INFO - Token value: my-secret
2024-05-10 13:12:36,306 - __main__ - INFO - Token value: my-secret
2024-05-10 14:10:26,664 - __main__ - INFO - Token value: my-secret
2024-05-10 15:11:09,857 - __main__ - INFO - Token value: my-secret
2024-05-10 16:14:27,553 - __main__ - INFO - Token value: my-secret
2024-05-10 17:10:00,806 - __main__ - INFO - Token value: my-secret
2024-05-10 18:14:37,559 - __main__ - INFO - Token value: my-secret
2024-05-10 19:09:24,977 - __main__ - INFO - Token value: my-secret
2024-05-10 20:11:30,552 - __main__ - INFO - Token value: my-secret
2024-05-10 21:12:21,741 - __main__ - INFO - Token value: my-secret
2024-05-10 22:11:51,785 - __main__ - INFO - Token value: my-secret
2024-05-10 23:11:15,592 - __main__ - INFO - Token value: my-secret
2024-05-11 00:51:17,659 - __main__ - INFO - Token value: my-secret
2024-05-11 01:50:28,245 - __main__ - INFO - Token value: my-secret
2024-05-11 02:21:02,746 - __main__ - INFO - Token value: my-secret
2024-05-11 03:12:36,977 - __main__ - INFO - Token value: my-secret
2024-05-11 04:13:59,878 - __main__ - INFO - Token value: my-secret
2024-05-11 05:11:12,521 - __main__ - INFO - Token value: my-secret
2024-05-11 06:13:50,101 - __main__ - INFO - Token value: my-secret
2024-05-11 07:11:39,337 - __main__ - INFO - Token value: my-secret
2024-05-11 08:13:44,773 - __main__ - INFO - Token value: my-secret
2024-05-11 09:11:35,048 - __main__ - INFO - Token value: my-secret
2024-05-11 10:11:49,596 - __main__ - INFO - Token value: my-secret
2024-05-11 11:08:28,829 - __main__ - INFO - Token value: my-secret
2024-05-11 12:19:17,244 - __main__ - INFO - Token value: my-secret
2024-05-11 13:10:51,474 - __main__ - INFO - Token value: my-secret
2024-05-11 14:09:16,664 - __main__ - INFO - Token value: my-secret
2024-05-11 15:10:29,118 - __main__ - INFO - Token value: my-secret
2024-05-11 16:13:14,079 - __main__ - INFO - Token value: my-secret
2024-05-11 17:11:09,867 - __main__ - INFO - Token value: my-secret
2024-05-11 18:13:50,437 - __main__ - INFO - Token value: my-secret
2024-05-11 19:09:05,106 - __main__ - INFO - Token value: my-secret
2024-05-11 20:12:11,693 - __main__ - INFO - Token value: my-secret
2024-05-11 21:10:42,039 - __main__ - INFO - Token value: my-secret
2024-05-11 22:09:40,244 - __main__ - INFO - Token value: my-secret
2024-05-11 23:11:16,373 - __main__ - INFO - Token value: my-secret
2024-05-12 00:56:17,867 - __main__ - INFO - Token value: my-secret
2024-05-12 01:57:54,497 - __main__ - INFO - Token value: my-secret
2024-05-12 02:29:21,595 - __main__ - INFO - Token value: my-secret
2024-05-12 03:12:03,511 - __main__ - INFO - Token value: my-secret
2024-05-12 04:14:14,304 - __main__ - INFO - Token value: my-secret
2024-05-12 05:11:57,726 - __main__ - INFO - Token value: my-secret
2024-05-12 06:15:06,691 - __main__ - INFO - Token value: my-secret
2024-05-12 07:09:39,117 - __main__ - INFO - Token value: my-secret
2024-05-12 08:14:03,741 - __main__ - INFO - Token value: my-secret
2024-05-12 09:10:53,728 - __main__ - INFO - Token value: my-secret
2024-05-12 10:10:41,419 - __main__ - INFO - Token value: my-secret
2024-05-12 11:09:50,356 - __main__ - INFO - Token value: my-secret
2024-05-12 12:20:54,123 - __main__ - INFO - Token value: my-secret
2024-05-12 13:10:58,374 - __main__ - INFO - Token value: my-secret
2024-05-12 14:10:19,974 - __main__ - INFO - Token value: my-secret
2024-05-12 15:11:16,662 - __main__ - INFO - Token value: my-secret
2024-05-12 16:13:15,119 - __main__ - INFO - Token value: my-secret
2024-05-12 17:09:08,377 - __main__ - INFO - Token value: my-secret
2024-05-12 18:15:19,587 - __main__ - INFO - Token value: my-secret
2024-05-12 19:08:56,127 - __main__ - INFO - Token value: my-secret
2024-05-12 20:11:12,770 - __main__ - INFO - Token value: my-secret
2024-05-12 21:11:03,226 - __main__ - INFO - Token value: my-secret
2024-05-12 22:09:43,897 - __main__ - INFO - Token value: my-secret
2024-05-12 23:11:45,508 - __main__ - INFO - Token value: my-secret
2024-05-13 00:53:40,518 - __main__ - INFO - Token value: my-secret
2024-05-13 01:55:52,448 - __main__ - INFO - Token value: my-secret
2024-05-13 02:27:31,698 - __main__ - INFO - Token value: my-secret
2024-05-13 03:12:30,070 - __main__ - INFO - Token value: my-secret
2024-05-13 04:14:43,476 - __main__ - INFO - Token value: my-secret
2024-05-13 05:13:11,079 - __main__ - INFO - Token value: my-secret
2024-05-13 06:15:53,961 - __main__ - INFO - Token value: my-secret
2024-05-13 07:11:29,048 - __main__ - INFO - Token value: my-secret
2024-05-13 08:15:48,261 - __main__ - INFO - Token value: my-secret
2024-05-13 09:12:37,234 - __main__ - INFO - Token value: my-secret
2024-05-13 10:12:20,997 - __main__ - INFO - Token value: my-secret
2024-05-13 11:09:33,993 - __main__ - INFO - Token value: my-secret
2024-05-13 12:21:27,209 - __main__ - INFO - Token value: my-secret
2024-05-13 13:13:36,756 - __main__ - INFO - Token value: my-secret
2024-05-13 14:10:50,478 - __main__ - INFO - Token value: my-secret
2024-05-13 15:12:35,099 - __main__ - INFO - Token value: my-secret
2024-05-13 16:16:11,464 - __main__ - INFO - Token value: my-secret
2024-05-13 17:09:58,136 - __main__ - INFO - Token value: my-secret
2024-05-13 18:13:29,701 - __main__ - INFO - Token value: my-secret
2024-05-13 19:08:58,969 - __main__ - INFO - Token value: my-secret
2024-05-13 20:11:28,983 - __main__ - INFO - Token value: my-secret
2024-05-13 21:12:24,993 - __main__ - INFO - Token value: my-secret
2024-05-13 22:11:38,473 - __main__ - INFO - Token value: my-secret
2024-05-13 23:11:42,911 - __main__ - INFO - Token value: my-secret
2024-05-14 00:52:44,123 - __main__ - INFO - Token value: my-secret
2024-05-14 01:52:20,920 - __main__ - INFO - Token value: my-secret
2024-05-14 02:23:41,111 - __main__ - INFO - Token value: my-secret
2024-05-14 03:13:28,259 - __main__ - INFO - Token value: my-secret
2024-05-14 04:13:09,669 - __main__ - INFO - Token value: my-secret
2024-05-14 05:12:06,862 - __main__ - INFO - Token value: my-secret
2024-05-14 06:16:40,765 - __main__ - INFO - Token value: my-secret
2024-05-14 07:11:41,387 - __main__ - INFO - Token value: my-secret
2024-05-14 08:16:02,883 - __main__ - INFO - Token value: my-secret
2024-05-14 09:12:41,375 - __main__ - INFO - Token value: my-secret
2024-05-14 10:14:03,665 - __main__ - INFO - Token value: my-secret
2024-05-14 11:09:33,905 - __main__ - INFO - Token value: my-secret
2024-05-14 12:21:49,496 - __main__ - INFO - Token value: my-secret
2024-05-14 13:13:01,855 - __main__ - INFO - Token value: my-secret
2024-05-14 14:10:45,406 - __main__ - INFO - Token value: my-secret
2024-05-14 15:13:16,457 - __main__ - INFO - Token value: my-secret
2024-05-14 16:15:23,319 - __main__ - INFO - Token value: my-secret
2024-05-14 17:09:50,147 - __main__ - INFO - Token value: my-secret
2024-05-14 18:14:30,815 - __main__ - INFO - Token value: my-secret
2024-05-14 19:08:56,193 - __main__ - INFO - Token value: my-secret
2024-05-14 20:13:09,758 - __main__ - INFO - Token value: my-secret
2024-05-14 21:10:30,894 - __main__ - INFO - Token value: my-secret
2024-05-14 22:11:31,664 - __main__ - INFO - Token value: my-secret
2024-05-14 23:10:58,418 - __main__ - INFO - Token value: my-secret
2024-05-15 00:52:36,406 - __main__ - INFO - Token value: my-secret
2024-05-15 01:56:58,321 - __main__ - INFO - Token value: my-secret
2024-05-15 02:29:39,671 - __main__ - INFO - Token value: my-secret
2024-05-15 03:14:32,281 - __main__ - INFO - Token value: my-secret
2024-05-15 04:14:56,844 - __main__ - INFO - Token value: my-secret
2024-05-15 05:12:06,074 - __main__ - INFO - Token value: my-secret
2024-05-15 06:15:24,598 - __main__ - INFO - Token value: my-secret
2024-05-15 07:11:33,228 - __main__ - INFO - Token value: my-secret
2024-05-15 08:14:45,848 - __main__ - INFO - Token value: my-secret
2024-05-15 09:14:46,326 - __main__ - INFO - Token value: my-secret
2024-05-15 10:12:37,412 - __main__ - INFO - Token value: my-secret
2024-05-15 11:10:05,045 - __main__ - INFO - Token value: my-secret
2024-05-15 12:22:34,303 - __main__ - INFO - Token value: my-secret
2024-05-15 13:13:19,204 - __main__ - INFO - Token value: my-secret
2024-05-15 14:12:08,028 - __main__ - INFO - Token value: my-secret
2024-05-15 15:11:07,874 - __main__ - INFO - Token value: my-secret
2024-05-15 16:14:05,520 - __main__ - INFO - Token value: my-secret
2024-05-15 17:11:38,612 - __main__ - INFO - Token value: my-secret
2024-05-15 18:14:27,074 - __main__ - INFO - Token value: my-secret
2024-05-15 19:09:28,632 - __main__ - INFO - Token value: my-secret
2024-05-15 20:13:11,064 - __main__ - INFO - Token value: my-secret
2024-05-15 21:10:53,145 - __main__ - INFO - Token value: my-secret
2024-05-15 22:12:18,736 - __main__ - INFO - Token value: my-secret
2024-05-15 23:12:03,691 - __main__ - INFO - Token value: my-secret
2024-05-16 00:52:46,957 - __main__ - INFO - Token value: my-secret
2024-05-16 01:53:33,323 - __main__ - INFO - Token value: my-secret
2024-05-16 02:24:44,815 - __main__ - INFO - Token value: my-secret
2024-05-16 03:14:19,256 - __main__ - INFO - Token value: my-secret
2024-05-16 04:12:01,804 - __main__ - INFO - Token value: my-secret
2024-05-16 05:12:07,998 - __main__ - INFO - Token value: my-secret
2024-05-16 06:13:14,576 - __main__ - INFO - Token value: my-secret
2024-05-16 07:09:21,704 - __main__ - INFO - Token value: my-secret
2024-05-16 08:11:58,649 - __main__ - INFO - Token value: my-secret
2024-05-16 09:11:47,156 - __main__ - INFO - Token value: my-secret
2024-05-16 10:11:58,148 - __main__ - INFO - Token value: my-secret
2024-05-16 11:10:07,013 - __main__ - INFO - Token value: my-secret
2024-05-16 12:21:37,511 - __main__ - INFO - Token value: my-secret
2024-05-16 13:13:04,809 - __main__ - INFO - Token value: my-secret
2024-05-16 14:11:54,808 - __main__ - INFO - Token value: my-secret
2024-05-16 15:11:29,158 - __main__ - INFO - Token value: my-secret
2024-05-16 16:13:38,775 - __main__ - INFO - Token value: my-secret
2024-05-16 17:11:26,855 - __main__ - INFO - Token value: my-secret
2024-05-16 18:14:24,631 - __main__ - INFO - Token value: my-secret
2024-05-16 19:08:54,315 - __main__ - INFO - Token value: my-secret
2024-05-16 20:11:40,769 - __main__ - INFO - Token value: my-secret
2024-05-16 21:11:29,921 - __main__ - INFO - Token value: my-secret
2024-05-16 22:11:16,911 - __main__ - INFO - Token value: my-secret
2024-05-16 23:11:27,121 - __main__ - INFO - Token value: my-secret
2024-05-17 00:52:37,675 - __main__ - INFO - Token value: my-secret
2024-05-17 01:53:13,577 - __main__ - INFO - Token value: my-secret
2024-05-17 02:24:09,657 - __main__ - INFO - Token value: my-secret
2024-05-17 03:12:43,241 - __main__ - INFO - Token value: my-secret
2024-05-17 04:13:56,531 - __main__ - INFO - Token value: my-secret
2024-05-17 05:12:46,249 - __main__ - INFO - Token value: my-secret
2024-05-17 06:15:41,698 - __main__ - INFO - Token value: my-secret
2024-05-17 07:11:17,596 - __main__ - INFO - Token value: my-secret
2024-05-17 08:14:35,886 - __main__ - INFO - Token value: my-secret
2024-05-17 09:13:22,049 - __main__ - INFO - Token value: my-secret
2024-05-17 10:12:19,721 - __main__ - INFO - Token value: my-secret
2024-05-17 11:10:41,435 - __main__ - INFO - Token value: my-secret
2024-05-17 12:20:17,159 - __main__ - INFO - Token value: my-secret
2024-05-17 13:12:38,722 - __main__ - INFO - Token value: my-secret
2024-05-17 14:11:36,241 - __main__ - INFO - Token value: my-secret
2024-05-17 15:11:52,735 - __main__ - INFO - Token value: my-secret
2024-05-17 16:13:37,862 - __main__ - INFO - Token value: my-secret
2024-05-17 17:10:31,615 - __main__ - INFO - Token value: my-secret
2024-05-17 18:15:30,040 - __main__ - INFO - Token value: my-secret
2024-05-17 19:09:31,687 - __main__ - INFO - Token value: my-secret
2024-05-17 20:12:44,186 - __main__ - INFO - Token value: my-secret
2024-05-17 21:10:28,045 - __main__ - INFO - Token value: my-secret
2024-05-17 22:11:11,187 - __main__ - INFO - Token value: my-secret
2024-05-17 23:12:52,736 - __main__ - INFO - Token value: my-secret
2024-05-18 00:52:06,668 - __main__ - INFO - Token value: my-secret
2024-05-18 01:51:48,028 - __main__ - INFO - Token value: my-secret
2024-05-18 02:24:12,073 - __main__ - INFO - Token value: my-secret
2024-05-18 03:12:45,825 - __main__ - INFO - Token value: my-secret
2024-05-18 04:13:11,913 - __main__ - INFO - Token value: my-secret
2024-05-18 05:11:21,834 - __main__ - INFO - Token value: my-secret
2024-05-18 06:14:19,656 - __main__ - INFO - Token value: my-secret
2024-05-18 07:11:08,136 - __main__ - INFO - Token value: my-secret
2024-05-18 08:13:07,005 - __main__ - INFO - Token value: my-secret
2024-05-18 09:12:03,584 - __main__ - INFO - Token value: my-secret
2024-05-18 10:10:32,861 - __main__ - INFO - Token value: my-secret
2024-05-18 11:09:05,227 - __main__ - INFO - Token value: my-secret
2024-05-18 12:19:32,005 - __main__ - INFO - Token value: my-secret
2024-05-18 13:12:00,467 - __main__ - INFO - Token value: my-secret
2024-05-18 14:10:16,992 - __main__ - INFO - Token value: my-secret
2024-05-18 15:12:28,539 - __main__ - INFO - Token value: my-secret
2024-05-18 16:13:27,533 - __main__ - INFO - Token value: my-secret
2024-05-18 17:09:04,206 - __main__ - INFO - Token value: my-secret
2024-05-18 18:14:31,990 - __main__ - INFO - Token value: my-secret
2024-05-18 19:08:25,781 - __main__ - INFO - Token value: my-secret
2024-05-18 20:12:13,737 - __main__ - INFO - Token value: my-secret
2024-05-18 21:09:47,194 - __main__ - INFO - Token value: my-secret
2024-05-18 22:09:54,507 - __main__ - INFO - Token value: my-secret
2024-05-18 23:10:41,485 - __main__ - INFO - Token value: my-secret
2024-05-19 00:56:22,237 - __main__ - INFO - Token value: my-secret
2024-05-19 01:58:26,430 - __main__ - INFO - Token value: my-secret
2024-05-19 02:31:10,760 - __main__ - INFO - Token value: my-secret
2024-05-19 03:13:53,550 - __main__ - INFO - Token value: my-secret
2024-05-19 04:14:10,752 - __main__ - INFO - Token value: my-secret
2024-05-19 05:11:42,852 - __main__ - INFO - Token value: my-secret
2024-05-19 06:14:23,428 - __main__ - INFO - Token value: my-secret
2024-05-19 07:09:55,105 - __main__ - INFO - Token value: my-secret
2024-05-19 08:13:18,895 - __main__ - INFO - Token value: my-secret
2024-05-19 09:12:04,667 - __main__ - INFO - Token value: my-secret
2024-05-19 10:11:08,672 - __main__ - INFO - Token value: my-secret
2024-05-19 11:09:59,392 - __main__ - INFO - Token value: my-secret
2024-05-19 12:19:56,142 - __main__ - INFO - Token value: my-secret
2024-05-19 13:10:55,421 - __main__ - INFO - Token value: my-secret
2024-05-19 14:10:30,450 - __main__ - INFO - Token value: my-secret
2024-05-19 15:11:00,106 - __main__ - INFO - Token value: my-secret
2024-05-19 16:13:47,075 - __main__ - INFO - Token value: my-secret
2024-05-19 17:10:15,508 - __main__ - INFO - Token value: my-secret
2024-05-19 18:14:03,465 - __main__ - INFO - Token value: my-secret
2024-05-19 19:08:30,136 - __main__ - INFO - Token value: my-secret
2024-05-19 20:12:12,610 - __main__ - INFO - Token value: my-secret
2024-05-19 21:10:47,763 - __main__ - INFO - Token value: my-secret
2024-05-19 22:13:01,921 - __main__ - INFO - Token value: my-secret
2024-05-19 23:12:39,809 - __main__ - INFO - Token value: my-secret
2024-05-20 00:53:26,685 - __main__ - INFO - Token value: my-secret
2024-05-20 01:56:05,087 - __main__ - INFO - Token value: my-secret
2024-05-20 02:28:23,070 - __main__ - INFO - Token value: my-secret
2024-05-20 03:13:22,177 - __main__ - INFO - Token value: my-secret
2024-05-20 04:14:49,235 - __main__ - INFO - Token value: my-secret
2024-05-20 05:13:11,133 - __main__ - INFO - Token value: my-secret
2024-05-20 06:16:10,932 - __main__ - INFO - Token value: my-secret
2024-05-20 07:12:15,305 - __main__ - INFO - Token value: my-secret
2024-05-20 08:15:14,535 - __main__ - INFO - Token value: my-secret
2024-05-20 09:14:48,900 - __main__ - INFO - Token value: my-secret
2024-05-20 10:12:32,612 - __main__ - INFO - Token value: my-secret
2024-05-20 11:10:38,955 - __main__ - INFO - Token value: my-secret
2024-05-20 12:23:48,241 - __main__ - INFO - Token value: my-secret
2024-05-20 13:14:13,291 - __main__ - INFO - Token value: my-secret
2024-05-20 14:11:05,100 - __main__ - INFO - Token value: my-secret
2024-05-20 15:12:43,271 - __main__ - INFO - Token value: my-secret
2024-05-20 16:14:59,093 - __main__ - INFO - Token value: my-secret
2024-05-20 17:12:50,663 - __main__ - INFO - Token value: my-secret
2024-05-20 18:14:43,068 - __main__ - INFO - Token value: my-secret
2024-05-20 19:09:07,791 - __main__ - INFO - Token value: my-secret
2024-05-20 20:12:00,062 - __main__ - INFO - Token value: my-secret
2024-05-20 21:10:20,329 - __main__ - INFO - Token value: my-secret
2024-05-20 22:10:36,771 - __main__ - INFO - Token value: my-secret
2024-05-20 23:11:54,168 - __main__ - INFO - Token value: my-secret
2024-05-21 00:52:54,285 - __main__ - INFO - Token value: my-secret
2024-05-21 01:53:18,283 - __main__ - INFO - Token value: my-secret
2024-05-21 02:25:15,970 - __main__ - INFO - Token value: my-secret
2024-05-21 03:13:05,951 - __main__ - INFO - Token value: my-secret
2024-05-21 04:13:32,548 - __main__ - INFO - Token value: my-secret
2024-05-21 05:12:06,311 - __main__ - INFO - Token value: my-secret
2024-05-21 06:16:39,792 - __main__ - INFO - Token value: my-secret
2024-05-21 07:10:47,388 - __main__ - INFO - Token value: my-secret
2024-05-21 08:14:54,926 - __main__ - INFO - Token value: my-secret
2024-05-21 09:13:15,885 - __main__ - INFO - Token value: my-secret
2024-05-21 10:12:18,559 - __main__ - INFO - Token value: my-secret
2024-05-21 11:10:34,938 - __main__ - INFO - Token value: my-secret
2024-05-21 12:21:03,997 - __main__ - INFO - Token value: my-secret
2024-05-21 13:13:57,496 - __main__ - INFO - Token value: my-secret
2024-05-21 14:10:44,637 - __main__ - INFO - Token value: my-secret
2024-05-21 15:12:14,704 - __main__ - INFO - Token value: my-secret
2024-05-21 16:13:58,145 - __main__ - INFO - Token value: my-secret
2024-05-21 17:10:34,759 - __main__ - INFO - Token value: my-secret
2024-05-21 18:14:43,249 - __main__ - INFO - Token value: my-secret
2024-05-21 19:10:23,007 - __main__ - INFO - Token value: my-secret
2024-05-21 20:13:04,843 - __main__ - INFO - Token value: my-secret
2024-05-21 21:10:48,790 - __main__ - INFO - Token value: my-secret
2024-05-21 22:10:39,707 - __main__ - INFO - Token value: my-secret
2024-05-21 23:12:58,590 - __main__ - INFO - Token value: my-secret
2024-05-22 00:53:10,680 - __main__ - INFO - Token value: my-secret
2024-05-22 01:54:18,108 - __main__ - INFO - Token value: my-secret
2024-05-22 02:25:49,567 - __main__ - INFO - Token value: my-secret
2024-05-22 03:14:08,387 - __main__ - INFO - Token value: my-secret
2024-05-22 04:13:38,114 - __main__ - INFO - Token value: my-secret
2024-05-22 05:12:53,156 - __main__ - INFO - Token value: my-secret
2024-05-22 06:15:52,065 - __main__ - INFO - Token value: my-secret
2024-05-22 07:11:29,102 - __main__ - INFO - Token value: my-secret
2024-05-22 08:15:37,810 - __main__ - INFO - Token value: my-secret
2024-05-22 09:13:38,807 - __main__ - INFO - Token value: my-secret
2024-05-22 10:12:27,964 - __main__ - INFO - Token value: my-secret
2024-05-22 11:11:02,632 - __main__ - INFO - Token value: my-secret
2024-05-22 12:21:47,774 - __main__ - INFO - Token value: my-secret
2024-05-22 13:13:40,221 - __main__ - INFO - Token value: my-secret
2024-05-22 14:11:04,128 - __main__ - INFO - Token value: my-secret
2024-05-22 15:12:24,860 - __main__ - INFO - Token value: my-secret
2024-05-22 16:16:00,484 - __main__ - INFO - Token value: my-secret
2024-05-22 17:10:12,703 - __main__ - INFO - Token value: my-secret
2024-05-22 18:15:09,965 - __main__ - INFO - Token value: my-secret
2024-05-22 19:09:21,573 - __main__ - INFO - Token value: my-secret
2024-05-22 20:12:25,633 - __main__ - INFO - Token value: my-secret
2024-05-22 21:12:40,624 - __main__ - INFO - Token value: my-secret
2024-05-22 22:10:39,616 - __main__ - INFO - Token value: my-secret
2024-05-22 23:13:12,705 - __main__ - INFO - Token value: my-secret
2024-05-23 00:52:41,337 - __main__ - INFO - Token value: my-secret
2024-05-23 01:53:39,858 - __main__ - INFO - Token value: my-secret
2024-05-23 02:25:28,121 - __main__ - INFO - Token value: my-secret
2024-05-23 03:12:43,392 - __main__ - INFO - Token value: my-secret
2024-05-23 04:13:40,041 - __main__ - INFO - Token value: my-secret
2024-05-23 05:13:32,281 - __main__ - INFO - Token value: my-secret
2024-05-23 06:16:38,444 - __main__ - INFO - Token value: my-secret
2024-05-23 07:10:53,000 - __main__ - INFO - Token value: my-secret
2024-05-23 08:14:42,234 - __main__ - INFO - Token value: my-secret
2024-05-23 09:13:19,933 - __main__ - INFO - Token value: my-secret
2024-05-23 10:13:26,558 - __main__ - INFO - Token value: my-secret
2024-05-23 11:11:33,549 - __main__ - INFO - Token value: my-secret
2024-05-23 12:21:05,979 - __main__ - INFO - Token value: my-secret
2024-05-23 13:13:00,241 - __main__ - INFO - Token value: my-secret
2024-05-23 14:10:57,035 - __main__ - INFO - Token value: my-secret
2024-05-23 15:12:52,053 - __main__ - INFO - Token value: my-secret
2024-05-23 16:14:58,193 - __main__ - INFO - Token value: my-secret
2024-05-23 17:12:01,947 - __main__ - INFO - Token value: my-secret
2024-05-23 18:14:56,457 - __main__ - INFO - Token value: my-secret
2024-05-23 19:10:25,028 - __main__ - INFO - Token value: my-secret
2024-05-23 20:12:50,073 - __main__ - INFO - Token value: my-secret
2024-05-23 21:10:41,490 - __main__ - INFO - Token value: my-secret
2024-05-23 22:10:54,536 - __main__ - INFO - Token value: my-secret
2024-05-23 23:12:19,560 - __main__ - INFO - Token value: my-secret
2024-05-24 00:53:07,754 - __main__ - INFO - Token value: my-secret
2024-05-24 01:54:47,385 - __main__ - INFO - Token value: my-secret
2024-05-24 02:26:00,320 - __main__ - INFO - Token value: my-secret
2024-05-24 03:12:58,051 - __main__ - INFO - Token value: my-secret
2024-05-24 04:14:56,295 - __main__ - INFO - Token value: my-secret
2024-05-24 05:11:46,371 - __main__ - INFO - Token value: my-secret
2024-05-24 06:16:20,440 - __main__ - INFO - Token value: my-secret
2024-05-24 07:10:34,320 - __main__ - INFO - Token value: my-secret
2024-05-24 08:14:43,518 - __main__ - INFO - Token value: my-secret
2024-05-24 09:12:41,794 - __main__ - INFO - Token value: my-secret
2024-05-24 10:12:20,133 - __main__ - INFO - Token value: my-secret
2024-05-24 11:11:39,320 - __main__ - INFO - Token value: my-secret
2024-05-24 12:20:52,167 - __main__ - INFO - Token value: my-secret
2024-05-24 13:12:59,213 - __main__ - INFO - Token value: my-secret
2024-05-24 14:11:38,549 - __main__ - INFO - Token value: my-secret
2024-05-24 15:12:56,859 - __main__ - INFO - Token value: my-secret
2024-05-24 16:13:20,426 - __main__ - INFO - Token value: my-secret
2024-05-24 17:11:01,195 - __main__ - INFO - Token value: my-secret
2024-05-24 18:15:16,417 - __main__ - INFO - Token value: my-secret
2024-05-24 19:09:25,320 - __main__ - INFO - Token value: my-secret
2024-05-24 20:12:24,479 - __main__ - INFO - Token value: my-secret
2024-05-24 21:10:37,560 - __main__ - INFO - Token value: my-secret
2024-05-24 22:11:16,707 - __main__ - INFO - Token value: my-secret
2024-05-24 23:11:10,590 - __main__ - INFO - Token value: my-secret
2024-05-25 00:51:53,394 - __main__ - INFO - Token value: my-secret
2024-05-25 01:52:34,093 - __main__ - INFO - Token value: my-secret
2024-05-25 02:23:46,346 - __main__ - INFO - Token value: my-secret
2024-05-25 03:13:54,267 - __main__ - INFO - Token value: my-secret
2024-05-25 04:13:13,437 - __main__ - INFO - Token value: my-secret
2024-05-25 05:10:56,548 - __main__ - INFO - Token value: my-secret
2024-05-25 06:15:38,595 - __main__ - INFO - Token value: my-secret
2024-05-25 07:09:45,503 - __main__ - INFO - Token value: my-secret
2024-05-25 08:14:46,713 - __main__ - INFO - Token value: my-secret
2024-05-25 09:11:22,053 - __main__ - INFO - Token value: my-secret
2024-05-25 10:12:03,423 - __main__ - INFO - Token value: my-secret
2024-05-25 11:10:38,335 - __main__ - INFO - Token value: my-secret
2024-05-25 12:20:32,076 - __main__ - INFO - Token value: my-secret
2024-05-25 13:11:10,798 - __main__ - INFO - Token value: my-secret
2024-05-25 14:09:55,385 - __main__ - INFO - Token value: my-secret
2024-05-25 15:11:17,196 - __main__ - INFO - Token value: my-secret
2024-05-25 16:13:05,107 - __main__ - INFO - Token value: my-secret
2024-05-25 17:12:14,378 - __main__ - INFO - Token value: my-secret
2024-05-25 18:13:54,416 - __main__ - INFO - Token value: my-secret
2024-05-25 19:09:47,393 - __main__ - INFO - Token value: my-secret
2024-05-25 20:11:28,252 - __main__ - INFO - Token value: my-secret
2024-05-25 21:09:55,402 - __main__ - INFO - Token value: my-secret
2024-05-25 22:10:43,901 - __main__ - INFO - Token value: my-secret
2024-05-25 23:10:53,202 - __main__ - INFO - Token value: my-secret
2024-05-26 00:57:14,510 - __main__ - INFO - Token value: my-secret
2024-05-26 02:00:08,840 - __main__ - INFO - Token value: my-secret
2024-05-26 02:34:13,893 - __main__ - INFO - Token value: my-secret
2024-05-26 03:12:19,548 - __main__ - INFO - Token value: my-secret
2024-05-26 04:13:17,851 - __main__ - INFO - Token value: my-secret
2024-05-26 05:10:35,384 - __main__ - INFO - Token value: my-secret
2024-05-26 06:15:10,924 - __main__ - INFO - Token value: my-secret
2024-05-26 07:11:15,551 - __main__ - INFO - Token value: my-secret
2024-05-26 08:13:21,859 - __main__ - INFO - Token value: my-secret
2024-05-26 09:11:59,780 - __main__ - INFO - Token value: my-secret
2024-05-26 10:11:59,996 - __main__ - INFO - Token value: my-secret
2024-05-26 11:09:50,811 - __main__ - INFO - Token value: my-secret
2024-05-26 12:19:40,640 - __main__ - INFO - Token value: my-secret
2024-05-26 13:11:05,879 - __main__ - INFO - Token value: my-secret
2024-05-26 14:09:47,508 - __main__ - INFO - Token value: my-secret
2024-05-26 15:12:27,716 - __main__ - INFO - Token value: my-secret
2024-05-26 16:14:08,303 - __main__ - INFO - Token value: my-secret
2024-05-26 17:10:22,519 - __main__ - INFO - Token value: my-secret
2024-05-26 18:14:11,853 - __main__ - INFO - Token value: my-secret
2024-05-26 19:09:10,277 - __main__ - INFO - Token value: my-secret
2024-05-26 20:11:14,526 - __main__ - INFO - Token value: my-secret
2024-05-26 21:11:06,308 - __main__ - INFO - Token value: my-secret
2024-05-26 22:10:22,276 - __main__ - INFO - Token value: my-secret
2024-05-26 23:11:17,342 - __main__ - INFO - Token value: my-secret
2024-05-27 00:54:17,634 - __main__ - INFO - Token value: my-secret
2024-05-27 01:56:03,972 - __main__ - INFO - Token value: my-secret
2024-05-27 02:28:13,550 - __main__ - INFO - Token value: my-secret
2024-05-27 03:13:53,933 - __main__ - INFO - Token value: my-secret
2024-05-27 04:15:08,837 - __main__ - INFO - Token value: my-secret
2024-05-27 05:11:53,970 - __main__ - INFO - Token value: my-secret
2024-05-27 06:17:07,717 - __main__ - INFO - Token value: my-secret
2024-05-27 07:12:25,324 - __main__ - INFO - Token value: my-secret
2024-05-27 08:15:29,919 - __main__ - INFO - Token value: my-secret
2024-05-27 09:12:54,170 - __main__ - INFO - Token value: my-secret
2024-05-27 10:12:40,655 - __main__ - INFO - Token value: my-secret
2024-05-27 11:10:59,668 - __main__ - INFO - Token value: my-secret
2024-05-27 12:21:35,576 - __main__ - INFO - Token value: my-secret
2024-05-27 13:13:32,562 - __main__ - INFO - Token value: my-secret
2024-05-27 14:10:51,082 - __main__ - INFO - Token value: my-secret
2024-05-27 15:13:15,790 - __main__ - INFO - Token value: my-secret
2024-05-27 16:13:55,875 - __main__ - INFO - Token value: my-secret
2024-05-27 17:10:00,514 - __main__ - INFO - Token value: my-secret
2024-05-27 18:15:00,731 - __main__ - INFO - Token value: my-secret
2024-05-27 19:09:53,340 - __main__ - INFO - Token value: my-secret
2024-05-27 20:11:58,571 - __main__ - INFO - Token value: my-secret
2024-05-27 21:11:49,783 - __main__ - INFO - Token value: my-secret
2024-05-27 22:10:33,951 - __main__ - INFO - Token value: my-secret
2024-05-27 23:12:41,764 - __main__ - INFO - Token value: my-secret
2024-05-28 00:53:17,940 - __main__ - INFO - Token value: my-secret
2024-05-28 01:56:11,853 - __main__ - INFO - Token value: my-secret
2024-05-28 02:28:00,717 - __main__ - INFO - Token value: my-secret
2024-05-28 03:12:59,875 - __main__ - INFO - Token value: my-secret
2024-05-28 04:16:16,649 - __main__ - INFO - Token value: my-secret
2024-05-28 05:11:16,761 - __main__ - INFO - Token value: my-secret
2024-05-28 06:15:54,353 - __main__ - INFO - Token value: my-secret
2024-05-28 07:12:06,562 - __main__ - INFO - Token value: my-secret
2024-05-28 08:16:00,713 - __main__ - INFO - Token value: my-secret
2024-05-28 09:12:21,010 - __main__ - INFO - Token value: my-secret
2024-05-28 10:12:29,650 - __main__ - INFO - Token value: my-secret
2024-05-28 11:09:39,916 - __main__ - INFO - Token value: my-secret
2024-05-28 12:21:44,672 - __main__ - INFO - Token value: my-secret
2024-05-28 13:13:31,063 - __main__ - INFO - Token value: my-secret
2024-05-28 14:11:13,695 - __main__ - INFO - Token value: my-secret
2024-05-28 15:11:32,076 - __main__ - INFO - Token value: my-secret
2024-05-28 16:13:54,420 - __main__ - INFO - Token value: my-secret
2024-05-28 17:10:32,249 - __main__ - INFO - Token value: my-secret
2024-05-28 18:14:47,668 - __main__ - INFO - Token value: my-secret
2024-05-28 19:09:54,099 - __main__ - INFO - Token value: my-secret
2024-05-28 20:12:52,806 - __main__ - INFO - Token value: my-secret
2024-05-28 21:11:38,121 - __main__ - INFO - Token value: my-secret
2024-05-28 22:10:46,006 - __main__ - INFO - Token value: my-secret
2024-05-28 23:13:02,589 - __main__ - INFO - Token value: my-secret
2024-05-29 00:56:40,914 - __main__ - INFO - Token value: my-secret
2024-05-29 01:59:03,812 - __main__ - INFO - Token value: my-secret
2024-05-29 02:33:52,312 - __main__ - INFO - Token value: my-secret
2024-05-29 03:13:14,995 - __main__ - INFO - Token value: my-secret
2024-05-29 04:15:52,785 - __main__ - INFO - Token value: my-secret
2024-05-29 05:12:14,121 - __main__ - INFO - Token value: my-secret
2024-05-29 06:15:56,934 - __main__ - INFO - Token value: my-secret
2024-05-29 07:11:16,021 - __main__ - INFO - Token value: my-secret
2024-05-29 08:16:07,003 - __main__ - INFO - Token value: my-secret
2024-05-29 09:14:05,635 - __main__ - INFO - Token value: my-secret
2024-05-29 10:13:34,682 - __main__ - INFO - Token value: my-secret
2024-05-29 11:10:37,887 - __main__ - INFO - Token value: my-secret
2024-05-29 12:21:45,556 - __main__ - INFO - Token value: my-secret
2024-05-29 13:13:25,832 - __main__ - INFO - Token value: my-secret
2024-05-29 14:11:36,326 - __main__ - INFO - Token value: my-secret
2024-05-29 15:12:56,982 - __main__ - INFO - Token value: my-secret
2024-05-29 16:15:07,811 - __main__ - INFO - Token value: my-secret
2024-05-29 17:11:40,126 - __main__ - INFO - Token value: my-secret
2024-05-29 18:14:42,851 - __main__ - INFO - Token value: my-secret
2024-05-29 19:09:36,038 - __main__ - INFO - Token value: my-secret
2024-05-29 20:12:36,742 - __main__ - INFO - Token value: my-secret
2024-05-29 21:10:31,164 - __main__ - INFO - Token value: my-secret
2024-05-29 22:11:29,912 - __main__ - INFO - Token value: my-secret
2024-05-29 23:11:34,870 - __main__ - INFO - Token value: my-secret
2024-05-30 00:53:36,903 - __main__ - INFO - Token value: my-secret
2024-05-30 01:56:47,825 - __main__ - INFO - Token value: my-secret
2024-05-30 02:29:22,229 - __main__ - INFO - Token value: my-secret
2024-05-30 03:12:47,904 - __main__ - INFO - Token value: my-secret
2024-05-30 04:16:59,185 - __main__ - INFO - Token value: my-secret
2024-05-30 05:11:50,091 - __main__ - INFO - Token value: my-secret
2024-05-30 06:16:10,921 - __main__ - INFO - Token value: my-secret
2024-05-30 07:11:47,744 - __main__ - INFO - Token value: my-secret
2024-05-30 08:15:54,967 - __main__ - INFO - Token value: my-secret
2024-05-30 09:12:58,335 - __main__ - INFO - Token value: my-secret
2024-05-30 10:12:54,262 - __main__ - INFO - Token value: my-secret
2024-05-30 11:10:00,288 - __main__ - INFO - Token value: my-secret
2024-05-30 12:21:42,927 - __main__ - INFO - Token value: my-secret
2024-05-30 13:12:56,793 - __main__ - INFO - Token value: my-secret
2024-05-30 14:12:14,917 - __main__ - INFO - Token value: my-secret
2024-05-30 15:12:32,209 - __main__ - INFO - Token value: my-secret
2024-05-30 16:14:18,494 - __main__ - INFO - Token value: my-secret
2024-05-30 17:10:15,008 - __main__ - INFO - Token value: my-secret
2024-05-30 18:16:32,144 - __main__ - INFO - Token value: my-secret
2024-05-30 19:10:57,882 - __main__ - INFO - Token value: my-secret
2024-05-30 20:13:30,483 - __main__ - INFO - Token value: my-secret
2024-05-30 21:12:07,736 - __main__ - INFO - Token value: my-secret
2024-05-30 22:11:52,558 - __main__ - INFO - Token value: my-secret
2024-05-30 23:12:31,736 - __main__ - INFO - Token value: my-secret
2024-05-31 00:54:28,345 - __main__ - INFO - Token value: my-secret
2024-05-31 01:56:12,294 - __main__ - INFO - Token value: my-secret
2024-05-31 02:28:45,229 - __main__ - INFO - Token value: my-secret
2024-05-31 03:13:02,515 - __main__ - INFO - Token value: my-secret
2024-05-31 04:15:35,367 - __main__ - INFO - Token value: my-secret
2024-05-31 05:14:15,626 - __main__ - INFO - Token value: my-secret
2024-05-31 06:16:13,263 - __main__ - INFO - Token value: my-secret
2024-05-31 07:11:01,428 - __main__ - INFO - Token value: my-secret
2024-05-31 08:15:19,269 - __main__ - INFO - Token value: my-secret
2024-05-31 09:13:46,834 - __main__ - INFO - Token value: my-secret
2024-05-31 10:12:33,281 - __main__ - INFO - Token value: my-secret
2024-05-31 11:10:25,777 - __main__ - INFO - Token value: my-secret
2024-05-31 12:21:25,546 - __main__ - INFO - Token value: my-secret
2024-05-31 13:12:59,416 - __main__ - INFO - Token value: my-secret
2024-05-31 14:10:48,540 - __main__ - INFO - Token value: my-secret
2024-05-31 15:13:39,219 - __main__ - INFO - Token value: my-secret
2024-05-31 16:13:49,014 - __main__ - INFO - Token value: my-secret
2024-05-31 17:10:34,394 - __main__ - INFO - Token value: my-secret
2024-05-31 18:15:02,083 - __main__ - INFO - Token value: my-secret
2024-05-31 19:10:21,519 - __main__ - INFO - Token value: my-secret
2024-05-31 20:11:50,007 - __main__ - INFO - Token value: my-secret
2024-05-31 21:11:14,994 - __main__ - INFO - Token value: my-secret
2024-05-31 22:10:57,270 - __main__ - INFO - Token value: my-secret
2024-05-31 23:11:18,466 - __main__ - INFO - Token value: my-secret
2024-06-01 00:56:57,842 - __main__ - INFO - Token value: my-secret
2024-06-01 02:00:36,134 - __main__ - INFO - Token value: my-secret
2024-06-01 03:14:47,955 - __main__ - INFO - Token value: my-secret
2024-06-01 04:13:41,870 - __main__ - INFO - Token value: my-secret
2024-06-01 05:12:25,525 - __main__ - INFO - Token value: my-secret
2024-06-01 06:15:13,617 - __main__ - INFO - Token value: my-secret
2024-06-01 07:10:08,397 - __main__ - INFO - Token value: my-secret
2024-06-01 08:14:00,476 - __main__ - INFO - Token value: my-secret
2024-06-01 09:13:56,705 - __main__ - INFO - Token value: my-secret
2024-06-01 10:12:08,806 - __main__ - INFO - Token value: my-secret
2024-06-01 11:11:20,607 - __main__ - INFO - Token value: my-secret
2024-06-01 12:20:18,939 - __main__ - INFO - Token value: my-secret
2024-06-01 13:11:19,611 - __main__ - INFO - Token value: my-secret
2024-06-01 14:10:53,767 - __main__ - INFO - Token value: my-secret
2024-06-01 15:11:02,327 - __main__ - INFO - Token value: my-secret
2024-06-01 16:13:15,351 - __main__ - INFO - Token value: my-secret
2024-06-01 17:10:42,513 - __main__ - INFO - Token value: my-secret
2024-06-01 18:14:36,995 - __main__ - INFO - Token value: my-secret
2024-06-01 19:10:54,796 - __main__ - INFO - Token value: my-secret
2024-06-01 20:11:04,815 - __main__ - INFO - Token value: my-secret
2024-06-01 21:11:29,398 - __main__ - INFO - Token value: my-secret
2024-06-01 22:10:24,083 - __main__ - INFO - Token value: my-secret
2024-06-01 23:12:48,792 - __main__ - INFO - Token value: my-secret
2024-06-02 00:57:20,154 - __main__ - INFO - Token value: my-secret
2024-06-02 02:01:24,148 - __main__ - INFO - Token value: my-secret
2024-06-02 03:13:04,219 - __main__ - INFO - Token value: my-secret
2024-06-02 04:13:07,318 - __main__ - INFO - Token value: my-secret
2024-06-02 05:11:15,030 - __main__ - INFO - Token value: my-secret
2024-06-02 06:16:34,849 - __main__ - INFO - Token value: my-secret
2024-06-02 07:11:38,132 - __main__ - INFO - Token value: my-secret
2024-06-02 08:13:22,683 - __main__ - INFO - Token value: my-secret
2024-06-02 09:12:26,217 - __main__ - INFO - Token value: my-secret
2024-06-02 10:11:23,368 - __main__ - INFO - Token value: my-secret
2024-06-02 11:09:46,242 - __main__ - INFO - Token value: my-secret
2024-06-02 12:19:59,593 - __main__ - INFO - Token value: my-secret
2024-06-02 13:11:13,294 - __main__ - INFO - Token value: my-secret
2024-06-02 14:10:04,936 - __main__ - INFO - Token value: my-secret
2024-06-02 15:11:00,758 - __main__ - INFO - Token value: my-secret
2024-06-02 16:13:38,780 - __main__ - INFO - Token value: my-secret
2024-06-02 17:11:04,937 - __main__ - INFO - Token value: my-secret
2024-06-02 18:15:28,945 - __main__ - INFO - Token value: my-secret
2024-06-02 19:09:08,515 - __main__ - INFO - Token value: my-secret
2024-06-02 20:11:22,905 - __main__ - INFO - Token value: my-secret
2024-06-02 21:11:15,553 - __main__ - INFO - Token value: my-secret
2024-06-02 22:10:27,914 - __main__ - INFO - Token value: my-secret
2024-06-02 23:11:35,729 - __main__ - INFO - Token value: my-secret
2024-06-03 00:54:58,638 - __main__ - INFO - Token value: my-secret
2024-06-03 01:57:57,567 - __main__ - INFO - Token value: my-secret
2024-06-03 02:32:21,767 - __main__ - INFO - Token value: my-secret
2024-06-03 03:13:46,513 - __main__ - INFO - Token value: my-secret
2024-06-03 04:16:10,025 - __main__ - INFO - Token value: my-secret
2024-06-03 05:13:14,261 - __main__ - INFO - Token value: my-secret
2024-06-03 06:16:43,554 - __main__ - INFO - Token value: my-secret
2024-06-03 07:11:25,949 - __main__ - INFO - Token value: my-secret
2024-06-03 08:16:13,147 - __main__ - INFO - Token value: my-secret
2024-06-03 09:12:53,914 - __main__ - INFO - Token value: my-secret
2024-06-03 10:15:18,858 - __main__ - INFO - Token value: my-secret
2024-06-03 11:10:35,658 - __main__ - INFO - Token value: my-secret
2024-06-03 12:22:47,574 - __main__ - INFO - Token value: my-secret
2024-06-03 13:14:19,755 - __main__ - INFO - Token value: my-secret
2024-06-03 14:11:35,381 - __main__ - INFO - Token value: my-secret
2024-06-03 15:12:58,222 - __main__ - INFO - Token value: my-secret
2024-06-03 16:15:24,054 - __main__ - INFO - Token value: my-secret
2024-06-03 17:11:26,642 - __main__ - INFO - Token value: my-secret
2024-06-03 18:15:51,901 - __main__ - INFO - Token value: my-secret
2024-06-03 19:10:26,181 - __main__ - INFO - Token value: my-secret
2024-06-03 20:12:04,763 - __main__ - INFO - Token value: my-secret
2024-06-03 21:12:07,630 - __main__ - INFO - Token value: my-secret
2024-06-03 22:11:32,666 - __main__ - INFO - Token value: my-secret
2024-06-03 23:12:38,015 - __main__ - INFO - Token value: my-secret
2024-06-04 00:54:32,519 - __main__ - INFO - Token value: my-secret
2024-06-04 01:56:45,855 - __main__ - INFO - Token value: my-secret
2024-06-04 02:29:53,654 - __main__ - INFO - Token value: my-secret
2024-06-04 03:14:04,825 - __main__ - INFO - Token value: my-secret
2024-06-04 04:13:53,009 - __main__ - INFO - Token value: my-secret
2024-06-04 05:14:12,725 - __main__ - INFO - Token value: my-secret
2024-06-04 06:16:15,340 - __main__ - INFO - Token value: my-secret
2024-06-04 07:11:35,281 - __main__ - INFO - Token value: my-secret
2024-06-04 08:15:15,134 - __main__ - INFO - Token value: my-secret
2024-06-04 09:14:05,175 - __main__ - INFO - Token value: my-secret
2024-06-04 10:12:49,474 - __main__ - INFO - Token value: my-secret
2024-06-04 11:11:09,309 - __main__ - INFO - Token value: my-secret
2024-06-04 12:21:49,609 - __main__ - INFO - Token value: my-secret
2024-06-04 13:13:46,777 - __main__ - INFO - Token value: my-secret
2024-06-04 14:11:25,193 - __main__ - INFO - Token value: my-secret
2024-06-04 15:12:28,183 - __main__ - INFO - Token value: my-secret
2024-06-04 16:15:23,937 - __main__ - INFO - Token value: my-secret
2024-06-04 17:10:43,394 - __main__ - INFO - Token value: my-secret
2024-06-04 18:15:35,452 - __main__ - INFO - Token value: my-secret
2024-06-04 19:10:44,586 - __main__ - INFO - Token value: my-secret
2024-06-04 20:12:16,672 - __main__ - INFO - Token value: my-secret
2024-06-04 21:11:07,110 - __main__ - INFO - Token value: my-secret
2024-06-04 22:11:58,554 - __main__ - INFO - Token value: my-secret
2024-06-04 23:12:56,090 - __main__ - INFO - Token value: my-secret
2024-06-05 00:54:07,987 - __main__ - INFO - Token value: my-secret
2024-06-05 01:56:26,903 - __main__ - INFO - Token value: my-secret
2024-06-05 02:29:26,996 - __main__ - INFO - Token value: my-secret
2024-06-05 03:14:55,673 - __main__ - INFO - Token value: my-secret
2024-06-05 04:16:52,792 - __main__ - INFO - Token value: my-secret
2024-06-05 05:12:09,470 - __main__ - INFO - Token value: my-secret
2024-06-05 06:16:34,411 - __main__ - INFO - Token value: my-secret
2024-06-05 07:11:18,869 - __main__ - INFO - Token value: my-secret
2024-06-05 08:14:51,226 - __main__ - INFO - Token value: my-secret
2024-06-05 09:14:30,705 - __main__ - INFO - Token value: my-secret
2024-06-05 10:12:21,315 - __main__ - INFO - Token value: my-secret
2024-06-05 11:10:00,977 - __main__ - INFO - Token value: my-secret
2024-06-05 12:22:03,157 - __main__ - INFO - Token value: my-secret
2024-06-05 13:14:07,872 - __main__ - INFO - Token value: my-secret
2024-06-05 14:12:14,407 - __main__ - INFO - Token value: my-secret
2024-06-05 15:12:07,763 - __main__ - INFO - Token value: my-secret
2024-06-05 16:15:09,913 - __main__ - INFO - Token value: my-secret
2024-06-05 17:10:53,313 - __main__ - INFO - Token value: my-secret
2024-06-05 18:15:06,388 - __main__ - INFO - Token value: my-secret
2024-06-05 19:10:05,765 - __main__ - INFO - Token value: my-secret
2024-06-05 20:12:53,744 - __main__ - INFO - Token value: my-secret
2024-06-05 21:12:54,382 - __main__ - INFO - Token value: my-secret
2024-06-05 22:11:15,182 - __main__ - INFO - Token value: my-secret
2024-06-05 23:12:42,204 - __main__ - INFO - Token value: my-secret
2024-06-06 00:54:05,362 - __main__ - INFO - Token value: my-secret
2024-06-06 01:56:14,261 - __main__ - INFO - Token value: my-secret
2024-06-06 02:29:02,457 - __main__ - INFO - Token value: my-secret
2024-06-06 03:13:31,763 - __main__ - INFO - Token value: my-secret
2024-06-06 04:14:03,081 - __main__ - INFO - Token value: my-secret
2024-06-06 05:12:26,256 - __main__ - INFO - Token value: my-secret
2024-06-06 06:16:29,571 - __main__ - INFO - Token value: my-secret
2024-06-06 07:12:23,724 - __main__ - INFO - Token value: my-secret
2024-06-06 08:15:26,131 - __main__ - INFO - Token value: my-secret
2024-06-06 09:13:34,044 - __main__ - INFO - Token value: my-secret
2024-06-06 10:12:41,947 - __main__ - INFO - Token value: my-secret
2024-06-06 11:10:30,316 - __main__ - INFO - Token value: my-secret
2024-06-06 12:22:05,365 - __main__ - INFO - Token value: my-secret
2024-06-06 13:14:00,422 - __main__ - INFO - Token value: my-secret
2024-06-06 14:11:50,322 - __main__ - INFO - Token value: my-secret
2024-06-06 15:13:09,215 - __main__ - INFO - Token value: my-secret
2024-06-06 16:14:46,885 - __main__ - INFO - Token value: my-secret
2024-06-06 17:11:51,144 - __main__ - INFO - Token value: my-secret
2024-06-06 18:15:14,781 - __main__ - INFO - Token value: my-secret
2024-06-06 19:11:27,114 - __main__ - INFO - Token value: my-secret
2024-06-06 20:13:50,182 - __main__ - INFO - Token value: my-secret
2024-06-06 21:12:29,657 - __main__ - INFO - Token value: my-secret
2024-06-06 22:10:45,496 - __main__ - INFO - Token value: my-secret
2024-06-06 23:15:20,941 - __main__ - INFO - Token value: my-secret
2024-06-07 00:56:10,723 - __main__ - INFO - Token value: my-secret
2024-06-07 01:59:17,469 - __main__ - INFO - Token value: my-secret
2024-06-07 02:35:39,583 - __main__ - INFO - Token value: my-secret
2024-06-07 03:14:04,059 - __main__ - INFO - Token value: my-secret
2024-06-07 04:15:08,724 - __main__ - INFO - Token value: my-secret
2024-06-07 05:12:40,152 - __main__ - INFO - Token value: my-secret
2024-06-07 06:17:16,019 - __main__ - INFO - Token value: my-secret
2024-06-07 07:11:14,329 - __main__ - INFO - Token value: my-secret
2024-06-07 08:15:16,658 - __main__ - INFO - Token value: my-secret
2024-06-07 09:12:42,592 - __main__ - INFO - Token value: my-secret
2024-06-07 10:12:34,865 - __main__ - INFO - Token value: my-secret
2024-06-07 11:11:21,879 - __main__ - INFO - Token value: my-secret
2024-06-07 12:23:19,998 - __main__ - INFO - Token value: my-secret
2024-06-07 13:15:00,354 - __main__ - INFO - Token value: my-secret
2024-06-07 14:12:17,259 - __main__ - INFO - Token value: my-secret
2024-06-07 15:12:34,799 - __main__ - INFO - Token value: my-secret
2024-06-07 16:14:06,900 - __main__ - INFO - Token value: my-secret
2024-06-07 17:10:50,110 - __main__ - INFO - Token value: my-secret
2024-06-07 18:16:19,563 - __main__ - INFO - Token value: my-secret
2024-06-07 19:10:14,072 - __main__ - INFO - Token value: my-secret
2024-06-07 20:12:09,979 - __main__ - INFO - Token value: my-secret
2024-06-07 21:13:04,155 - __main__ - INFO - Token value: my-secret
2024-06-07 22:11:51,031 - __main__ - INFO - Token value: my-secret
2024-06-07 23:12:53,035 - __main__ - INFO - Token value: my-secret
2024-06-08 00:54:25,167 - __main__ - INFO - Token value: my-secret
2024-06-08 01:56:09,061 - __main__ - INFO - Token value: my-secret
2024-06-08 02:28:39,351 - __main__ - INFO - Token value: my-secret
2024-06-08 03:12:42,022 - __main__ - INFO - Token value: my-secret
2024-06-08 04:14:51,522 - __main__ - INFO - Token value: my-secret
2024-06-08 05:11:25,244 - __main__ - INFO - Token value: my-secret
2024-06-08 06:15:02,303 - __main__ - INFO - Token value: my-secret
2024-06-08 07:11:25,792 - __main__ - INFO - Token value: my-secret
2024-06-08 08:13:33,848 - __main__ - INFO - Token value: my-secret
2024-06-08 09:13:06,666 - __main__ - INFO - Token value: my-secret
2024-06-08 10:12:08,069 - __main__ - INFO - Token value: my-secret
2024-06-08 11:09:56,368 - __main__ - INFO - Token value: my-secret
2024-06-08 12:19:43,862 - __main__ - INFO - Token value: my-secret
2024-06-08 13:11:50,297 - __main__ - INFO - Token value: my-secret
